# JRE version: OpenJDK Runtime Environment Corretto-17.0.10.7.1 (17.0.10+7) (build 17.0.10+7-LTS)
# Java VM: OpenJDK 64-Bit Server VM Corretto-17.0.10.7.1 (17.0.10+7-LTS, mixed mode, sharing, tiered, compressed oops, compressed class ptrs, g1 gc, windows-amd64)
GC Precious Log:
 CPUs: 4 total, 4 available
 Memory: 7887M
 Large Page Support: Disabled
 NUMA Support: Disabled
 Compressed Oops: Enabled (32-bit)
 Heap Region Size: 1M
 Heap Min Capacity: 256M
 Heap Initial Capacity: 256M
 Heap Max Capacity: 512M
 Pre-touch: Disabled
 Parallel Workers: 4
 Concurrent Workers: 1
 Concurrent Refinement Workers: 4
 Periodic GC: Disabled
Heap:
 garbage-first heap   total 262144K, used 56026K [0x00000000e0000000, 0x0000000100000000)
  region size 1024K, 16 young (16384K), 2 survivors (2048K)
 Metaspace       used 50268K, committed 50752K, reserved 393216K
  class space    used 7168K, committed 7424K, reserved 327680K
GC Heap History (18 events):
Event: 1.447 GC heap before
{Heap before GC invocations=0 (full 0):
 garbage-first heap   total 262144K, used 13312K [0x00000000e0000000, 0x0000000100000000)
  region size 1024K, 13 young (13312K), 0 survivors (0K)
 Metaspace       used 795K, committed 896K, reserved 393216K
  class space    used 61K, committed 128K, reserved 327680K
}
Event: 1.457 GC heap after
{Heap after GC invocations=1 (full 0):
 garbage-first heap   total 262144K, used 1688K [0x00000000e0000000, 0x0000000100000000)
  region size 1024K, 2 young (2048K), 2 survivors (2048K)
 Metaspace       used 795K, committed 896K, reserved 393216K
  class space    used 61K, committed 128K, reserved 327680K
}
Event: 2.938 GC heap before
{Heap before GC invocations=1 (full 0):
 garbage-first heap   total 262144K, used 22168K [0x00000000e0000000, 0x0000000100000000)
  region size 1024K, 19 young (19456K), 2 survivors (2048K)
 Metaspace       used 3262K, committed 3392K, reserved 393216K
  class space    used 411K, committed 512K, reserved 327680K
}
Event: 2.946 GC heap after
{Heap after GC invocations=2 (full 0):
 garbage-first heap   total 262144K, used 11382K [0x00000000e0000000, 0x0000000100000000)
  region size 1024K, 3 young (3072K), 3 survivors (3072K)
 Metaspace       used 3262K, committed 3392K, reserved 393216K
  class space    used 411K, committed 512K, reserved 327680K
}
Event: 4.933 GC heap before
{Heap before GC invocations=2 (full 0):
 garbage-first heap   total 262144K, used 42102K [0x00000000e0000000, 0x0000000100000000)
  region size 1024K, 33 young (33792K), 3 survivors (3072K)
 Metaspace       used 4074K, committed 4352K, reserved 393216K
  class space    used 503K, committed 640K, reserved 327680K
}
Event: 4.938 GC heap after
{Heap after GC invocations=3 (full 0):
 garbage-first heap   total 262144K, used 12454K [0x00000000e0000000, 0x0000000100000000)
  region size 1024K, 1 young (1024K), 1 survivors (1024K)
 Metaspace       used 4074K, committed 4352K, reserved 393216K
  class space    used 503K, committed 640K, reserved 327680K
}
Event: 18.910 GC heap before
{Heap before GC invocations=3 (full 0):
 garbage-first heap   total 262144K, used 132262K [0x00000000e0000000, 0x0000000100000000)
  region size 1024K, 117 young (119808K), 1 survivors (1024K)
 Metaspace       used 21230K, committed 21504K, reserved 393216K
  class space    used 3121K, committed 3264K, reserved 327680K
}
Event: 18.928 GC heap after
{Heap after GC invocations=4 (full 0):
 garbage-first heap   total 262144K, used 23987K [0x00000000e0000000, 0x0000000100000000)
  region size 1024K, 12 young (12288K), 12 survivors (12288K)
 Metaspace       used 21230K, committed 21504K, reserved 393216K
  class space    used 3121K, committed 3264K, reserved 327680K
}
Event: 35.931 GC heap before
{Heap before GC invocations=5 (full 0):
 garbage-first heap   total 262144K, used 147891K [0x00000000e0000000, 0x0000000100000000)
  region size 1024K, 130 young (133120K), 12 survivors (12288K)
 Metaspace       used 35857K, committed 36160K, reserved 393216K
  class space    used 4984K, committed 5120K, reserved 327680K
}
Event: 35.956 GC heap after
{Heap after GC invocations=6 (full 0):
 garbage-first heap   total 262144K, used 33265K [0x00000000e0000000, 0x0000000100000000)
  region size 1024K, 10 young (10240K), 10 survivors (10240K)
 Metaspace       used 35857K, committed 36160K, reserved 393216K
  class space    used 4984K, committed 5120K, reserved 327680K
}
Event: 36.226 GC heap before
{Heap before GC invocations=6 (full 0):
 garbage-first heap   total 262144K, used 34289K [0x00000000e0000000, 0x0000000100000000)
  region size 1024K, 12 young (12288K), 10 survivors (10240K)
 Metaspace       used 36088K, committed 36416K, reserved 393216K
  class space    used 5031K, committed 5184K, reserved 327680K
}
Event: 36.237 GC heap after
{Heap after GC invocations=7 (full 0):
 garbage-first heap   total 262144K, used 33475K [0x00000000e0000000, 0x0000000100000000)
  region size 1024K, 2 young (2048K), 2 survivors (2048K)
 Metaspace       used 36088K, committed 36416K, reserved 393216K
  class space    used 5031K, committed 5184K, reserved 327680K
}
Event: 36.638 GC heap before
{Heap before GC invocations=7 (full 0):
 garbage-first heap   total 262144K, used 34499K [0x00000000e0000000, 0x0000000100000000)
  region size 1024K, 4 young (4096K), 2 survivors (2048K)
 Metaspace       used 36208K, committed 36480K, reserved 393216K
  class space    used 5055K, committed 5184K, reserved 327680K
}
Event: 36.642 GC heap after
{Heap after GC invocations=8 (full 0):
 garbage-first heap   total 262144K, used 32469K [0x00000000e0000000, 0x0000000100000000)
  region size 1024K, 1 young (1024K), 1 survivors (1024K)
 Metaspace       used 36208K, committed 36480K, reserved 393216K
  class space    used 5055K, committed 5184K, reserved 327680K
}
Event: 54.281 GC heap before
{Heap before GC invocations=9 (full 0):
 garbage-first heap   total 262144K, used 190165K [0x00000000e0000000, 0x0000000100000000)
  region size 1024K, 153 young (156672K), 1 survivors (1024K)
 Metaspace       used 48816K, committed 49344K, reserved 393216K
  class space    used 6921K, committed 7168K, reserved 327680K
}
Event: 54.298 GC heap after
{Heap after GC invocations=10 (full 0):
 garbage-first heap   total 262144K, used 42000K [0x00000000e0000000, 0x0000000100000000)
  region size 1024K, 10 young (10240K), 10 survivors (10240K)
 Metaspace       used 48816K, committed 49344K, reserved 393216K
  class space    used 6921K, committed 7168K, reserved 327680K
}
Event: 54.416 GC heap before
{Heap before GC invocations=10 (full 0):
 garbage-first heap   total 262144K, used 44048K [0x00000000e0000000, 0x0000000100000000)
  region size 1024K, 12 young (12288K), 10 survivors (10240K)
 Metaspace       used 48979K, committed 49472K, reserved 393216K
  class space    used 6956K, committed 7168K, reserved 327680K
}
Event: 54.432 GC heap after
{Heap after GC invocations=11 (full 0):
 garbage-first heap   total 262144K, used 42714K [0x00000000e0000000, 0x0000000100000000)
  region size 1024K, 2 young (2048K), 2 survivors (2048K)
 Metaspace       used 48979K, committed 49472K, reserved 393216K
  class space    used 6956K, committed 7168K, reserved 327680K
}

