# JRE version: OpenJDK Runtime Environment Corretto-17.0.10.7.1 (17.0.10+7) (build 17.0.10+7-LTS)
# Java VM: OpenJDK 64-Bit Server VM Corretto-17.0.10.7.1 (17.0.10+7-LTS, mixed mode, sharing, tiered, compressed oops, compressed class ptrs, g1 gc, windows-amd64)
GC Precious Log:
 CPUs: 4 total, 4 available
 Memory: 7887M
 Large Page Support: Disabled
 NUMA Support: Disabled
 Compressed Oops: Enabled (32-bit)
 Heap Region Size: 1M
 Heap Min Capacity: 256M
 Heap Initial Capacity: 256M
 Heap Max Capacity: 512M
 Pre-touch: Disabled
 Parallel Workers: 4
 Concurrent Workers: 1
 Concurrent Refinement Workers: 4
 Periodic GC: Disabled
Heap:
 garbage-first heap   total 262144K, used 119545K [0x00000000e0000000, 0x0000000100000000)
  region size 1024K, 78 young (79872K), 13 survivors (13312K)
 Metaspace       used 55610K, committed 56192K, reserved 393216K
  class space    used 7669K, committed 7936K, reserved 327680K
GC Heap History (20 events):
Event: 1.062 GC heap before
{Heap before GC invocations=0 (full 0):
 garbage-first heap   total 262144K, used 13312K [0x00000000e0000000, 0x0000000100000000)
  region size 1024K, 13 young (13312K), 0 survivors (0K)
 Metaspace       used 792K, committed 896K, reserved 393216K
  class space    used 61K, committed 128K, reserved 327680K
}
Event: 1.068 GC heap after
{Heap after GC invocations=1 (full 0):
 garbage-first heap   total 262144K, used 1724K [0x00000000e0000000, 0x0000000100000000)
  region size 1024K, 2 young (2048K), 2 survivors (2048K)
 Metaspace       used 792K, committed 896K, reserved 393216K
  class space    used 61K, committed 128K, reserved 327680K
}
Event: 2.353 GC heap before
{Heap before GC invocations=1 (full 0):
 garbage-first heap   total 262144K, used 22204K [0x00000000e0000000, 0x0000000100000000)
  region size 1024K, 19 young (19456K), 2 survivors (2048K)
 Metaspace       used 3266K, committed 3392K, reserved 393216K
  class space    used 411K, committed 512K, reserved 327680K
}
Event: 2.360 GC heap after
{Heap after GC invocations=2 (full 0):
 garbage-first heap   total 262144K, used 11046K [0x00000000e0000000, 0x0000000100000000)
  region size 1024K, 3 young (3072K), 3 survivors (3072K)
 Metaspace       used 3266K, committed 3392K, reserved 393216K
  class space    used 411K, committed 512K, reserved 327680K
}
Event: 3.589 GC heap before
{Heap before GC invocations=2 (full 0):
 garbage-first heap   total 262144K, used 41766K [0x00000000e0000000, 0x0000000100000000)
  region size 1024K, 33 young (33792K), 3 survivors (3072K)
 Metaspace       used 4068K, committed 4288K, reserved 393216K
  class space    used 503K, committed 640K, reserved 327680K
}
Event: 3.593 GC heap after
{Heap after GC invocations=3 (full 0):
 garbage-first heap   total 262144K, used 12040K [0x00000000e0000000, 0x0000000100000000)
  region size 1024K, 1 young (1024K), 1 survivors (1024K)
 Metaspace       used 4068K, committed 4288K, reserved 393216K
  class space    used 503K, committed 640K, reserved 327680K
}
Event: 16.279 GC heap before
{Heap before GC invocations=3 (full 0):
 garbage-first heap   total 262144K, used 132872K [0x00000000e0000000, 0x0000000100000000)
  region size 1024K, 118 young (120832K), 1 survivors (1024K)
 Metaspace       used 21206K, committed 21504K, reserved 393216K
  class space    used 3118K, committed 3264K, reserved 327680K
}
Event: 16.300 GC heap after
{Heap after GC invocations=4 (full 0):
 garbage-first heap   total 262144K, used 23863K [0x00000000e0000000, 0x0000000100000000)
  region size 1024K, 12 young (12288K), 12 survivors (12288K)
 Metaspace       used 21206K, committed 21504K, reserved 393216K
  class space    used 3118K, committed 3264K, reserved 327680K
}
Event: 24.726 GC heap before
{Heap before GC invocations=5 (full 0):
 garbage-first heap   total 262144K, used 145719K [0x00000000e0000000, 0x0000000100000000)
  region size 1024K, 128 young (131072K), 12 survivors (12288K)
 Metaspace       used 35728K, committed 36096K, reserved 393216K
  class space    used 4962K, committed 5120K, reserved 327680K
}
Event: 24.755 GC heap after
{Heap after GC invocations=6 (full 0):
 garbage-first heap   total 262144K, used 32815K [0x00000000e0000000, 0x0000000100000000)
  region size 1024K, 10 young (10240K), 10 survivors (10240K)
 Metaspace       used 35728K, committed 36096K, reserved 393216K
  class space    used 4962K, committed 5120K, reserved 327680K
}
Event: 24.878 GC heap before
{Heap before GC invocations=6 (full 0):
 garbage-first heap   total 262144K, used 33839K [0x00000000e0000000, 0x0000000100000000)
  region size 1024K, 12 young (12288K), 10 survivors (10240K)
 Metaspace       used 35949K, committed 36288K, reserved 393216K
  class space    used 4998K, committed 5120K, reserved 327680K
}
Event: 24.928 GC heap after
{Heap after GC invocations=7 (full 0):
 garbage-first heap   total 262144K, used 33493K [0x00000000e0000000, 0x0000000100000000)
  region size 1024K, 2 young (2048K), 2 survivors (2048K)
 Metaspace       used 35949K, committed 36288K, reserved 393216K
  class space    used 4998K, committed 5120K, reserved 327680K
}
Event: 25.038 GC heap before
{Heap before GC invocations=7 (full 0):
 garbage-first heap   total 262144K, used 34517K [0x00000000e0000000, 0x0000000100000000)
  region size 1024K, 4 young (4096K), 2 survivors (2048K)
 Metaspace       used 36082K, committed 36416K, reserved 393216K
  class space    used 5027K, committed 5184K, reserved 327680K
}
Event: 25.041 GC heap after
{Heap after GC invocations=8 (full 0):
 garbage-first heap   total 262144K, used 32492K [0x00000000e0000000, 0x0000000100000000)
  region size 1024K, 1 young (1024K), 1 survivors (1024K)
 Metaspace       used 36082K, committed 36416K, reserved 393216K
  class space    used 5027K, committed 5184K, reserved 327680K
}
Event: 37.136 GC heap before
{Heap before GC invocations=9 (full 0):
 garbage-first heap   total 262144K, used 189164K [0x00000000e0000000, 0x0000000100000000)
  region size 1024K, 153 young (156672K), 1 survivors (1024K)
 Metaspace       used 48814K, committed 49280K, reserved 393216K
  class space    used 6916K, committed 7104K, reserved 327680K
}
Event: 37.153 GC heap after
{Heap after GC invocations=10 (full 0):
 garbage-first heap   total 262144K, used 42017K [0x00000000e0000000, 0x0000000100000000)
  region size 1024K, 10 young (10240K), 10 survivors (10240K)
 Metaspace       used 48814K, committed 49280K, reserved 393216K
  class space    used 6916K, committed 7104K, reserved 327680K
}
Event: 37.435 GC heap before
{Heap before GC invocations=10 (full 0):
 garbage-first heap   total 262144K, used 44065K [0x00000000e0000000, 0x0000000100000000)
  region size 1024K, 12 young (12288K), 10 survivors (10240K)
 Metaspace       used 48834K, committed 49344K, reserved 393216K
  class space    used 6921K, committed 7168K, reserved 327680K
}
Event: 37.450 GC heap after
{Heap after GC invocations=11 (full 0):
 garbage-first heap   total 262144K, used 42467K [0x00000000e0000000, 0x0000000100000000)
  region size 1024K, 1 young (1024K), 1 survivors (1024K)
 Metaspace       used 48834K, committed 49344K, reserved 393216K
  class space    used 6921K, committed 7168K, reserved 327680K
}
Event: 51.570 GC heap before
{Heap before GC invocations=11 (full 0):
 garbage-first heap   total 262144K, used 197091K [0x00000000e0000000, 0x0000000100000000)
  region size 1024K, 153 young (156672K), 1 survivors (1024K)
 Metaspace       used 55132K, committed 55680K, reserved 393216K
  class space    used 7669K, committed 7936K, reserved 327680K
}
Event: 51.592 GC heap after
{Heap after GC invocations=12 (full 0):
 garbage-first heap   total 262144K, used 54009K [0x00000000e0000000, 0x0000000100000000)
  region size 1024K, 13 young (13312K), 13 survivors (13312K)
 Metaspace       used 55132K, committed 55680K, reserved 393216K
  class space    used 7669K, committed 7936K, reserved 327680K
}

