# JRE version: OpenJDK Runtime Environment Corretto-17.0.10.7.1 (17.0.10+7) (build 17.0.10+7-LTS)
# Java VM: OpenJDK 64-Bit Server VM Corretto-17.0.10.7.1 (17.0.10+7-LTS, mixed mode, sharing, tiered, compressed oops, compressed class ptrs, g1 gc, windows-amd64)
GC Precious Log:
 CPUs: 4 total, 4 available
 Memory: 7887M
 Large Page Support: Disabled
 NUMA Support: Disabled
 Compressed Oops: Enabled (32-bit)
 Heap Region Size: 1M
 Heap Min Capacity: 256M
 Heap Initial Capacity: 256M
 Heap Max Capacity: 512M
 Pre-touch: Disabled
 Parallel Workers: 4
 Concurrent Workers: 1
 Concurrent Refinement Workers: 4
 Periodic GC: Disabled
Heap:
 garbage-first heap   total 262144K, used 189609K [0x00000000e0000000, 0x0000000100000000)
  region size 1024K, 79 young (80896K), 5 survivors (5120K)
 Metaspace       used 71568K, committed 72704K, reserved 393216K
  class space    used 9527K, committed 9984K, reserved 327680K
GC Heap History (20 events):
Event: 449.343 GC heap before
{Heap before GC invocations=17 (full 0):
 garbage-first heap   total 262144K, used 201300K [0x00000000e0000000, 0x0000000100000000)
  region size 1024K, 106 young (108544K), 9 survivors (9216K)
 Metaspace       used 69851K, committed 70528K, reserved 393216K
  class space    used 9422K, committed 9728K, reserved 327680K
}
Event: 449.365 GC heap after
{Heap after GC invocations=18 (full 0):
 garbage-first heap   total 262144K, used 110080K [0x00000000e0000000, 0x0000000100000000)
  region size 1024K, 9 young (9216K), 9 survivors (9216K)
 Metaspace       used 69851K, committed 70528K, reserved 393216K
  class space    used 9422K, committed 9728K, reserved 327680K
}
Event: 450.889 GC heap before
{Heap before GC invocations=18 (full 0):
 garbage-first heap   total 262144K, used 207360K [0x00000000e0000000, 0x0000000100000000)
  region size 1024K, 102 young (104448K), 9 survivors (9216K)
 Metaspace       used 70144K, committed 70848K, reserved 393216K
  class space    used 9433K, committed 9792K, reserved 327680K
}
Event: 450.925 GC heap after
{Heap after GC invocations=19 (full 0):
 garbage-first heap   total 262144K, used 131499K [0x00000000e0000000, 0x0000000100000000)
  region size 1024K, 13 young (13312K), 13 survivors (13312K)
 Metaspace       used 70144K, committed 70848K, reserved 393216K
  class space    used 9433K, committed 9792K, reserved 327680K
}
Event: 453.809 GC heap before
{Heap before GC invocations=19 (full 0):
 garbage-first heap   total 262144K, used 201131K [0x00000000e0000000, 0x0000000100000000)
  region size 1024K, 82 young (83968K), 13 survivors (13312K)
 Metaspace       used 72635K, committed 73408K, reserved 393216K
  class space    used 9699K, committed 10048K, reserved 327680K
}
Event: 453.823 GC heap after
{Heap after GC invocations=20 (full 0):
 garbage-first heap   total 262144K, used 131072K [0x00000000e0000000, 0x0000000100000000)
  region size 1024K, 5 young (5120K), 5 survivors (5120K)
 Metaspace       used 72635K, committed 73408K, reserved 393216K
  class space    used 9699K, committed 10048K, reserved 327680K
}
Event: 500.251 GC heap before
{Heap before GC invocations=21 (full 0):
 garbage-first heap   total 262144K, used 201728K [0x00000000e0000000, 0x0000000100000000)
  region size 1024K, 77 young (78848K), 5 survivors (5120K)
 Metaspace       used 71195K, committed 72576K, reserved 393216K
  class space    used 9507K, committed 9984K, reserved 327680K
}
Event: 500.267 GC heap after
{Heap after GC invocations=22 (full 0):
 garbage-first heap   total 262144K, used 134656K [0x00000000e0000000, 0x0000000100000000)
  region size 1024K, 10 young (10240K), 10 survivors (10240K)
 Metaspace       used 71195K, committed 72576K, reserved 393216K
  class space    used 9507K, committed 9984K, reserved 327680K
}
Event: 500.293 GC heap before
{Heap before GC invocations=22 (full 0):
 garbage-first heap   total 262144K, used 135680K [0x00000000e0000000, 0x0000000100000000)
  region size 1024K, 12 young (12288K), 10 survivors (10240K)
 Metaspace       used 71195K, committed 72576K, reserved 393216K
  class space    used 9507K, committed 9984K, reserved 327680K
}
Event: 500.319 GC heap after
{Heap after GC invocations=23 (full 0):
 garbage-first heap   total 262144K, used 112562K [0x00000000e0000000, 0x0000000100000000)
  region size 1024K, 2 young (2048K), 2 survivors (2048K)
 Metaspace       used 71195K, committed 72576K, reserved 393216K
  class space    used 9507K, committed 9984K, reserved 327680K
}
Event: 500.515 GC heap before
{Heap before GC invocations=23 (full 0):
 garbage-first heap   total 262144K, used 122802K [0x00000000e0000000, 0x0000000100000000)
  region size 1024K, 12 young (12288K), 2 survivors (2048K)
 Metaspace       used 71211K, committed 72576K, reserved 393216K
  class space    used 9507K, committed 9984K, reserved 327680K
}
Event: 500.524 GC heap after
{Heap after GC invocations=24 (full 0):
 garbage-first heap   total 262144K, used 108472K [0x00000000e0000000, 0x0000000100000000)
  region size 1024K, 2 young (2048K), 2 survivors (2048K)
 Metaspace       used 71211K, committed 72576K, reserved 393216K
  class space    used 9507K, committed 9984K, reserved 327680K
}
Event: 503.619 GC heap before
{Heap before GC invocations=24 (full 0):
 garbage-first heap   total 262144K, used 202680K [0x00000000e0000000, 0x0000000100000000)
  region size 1024K, 94 young (96256K), 2 survivors (2048K)
 Metaspace       used 71252K, committed 72576K, reserved 393216K
  class space    used 9508K, committed 9984K, reserved 327680K
}
Event: 503.633 GC heap after
{Heap after GC invocations=25 (full 0):
 garbage-first heap   total 262144K, used 115402K [0x00000000e0000000, 0x0000000100000000)
  region size 1024K, 9 young (9216K), 9 survivors (9216K)
 Metaspace       used 71252K, committed 72576K, reserved 393216K
  class space    used 9508K, committed 9984K, reserved 327680K
}
Event: 521.296 GC heap before
{Heap before GC invocations=25 (full 0):
 garbage-first heap   total 262144K, used 204490K [0x00000000e0000000, 0x0000000100000000)
  region size 1024K, 97 young (99328K), 9 survivors (9216K)
 Metaspace       used 71355K, committed 72640K, reserved 393216K
  class space    used 9510K, committed 9984K, reserved 327680K
}
Event: 521.309 GC heap after
{Heap after GC invocations=26 (full 0):
 garbage-first heap   total 262144K, used 116365K [0x00000000e0000000, 0x0000000100000000)
  region size 1024K, 7 young (7168K), 7 survivors (7168K)
 Metaspace       used 71355K, committed 72640K, reserved 393216K
  class space    used 9510K, committed 9984K, reserved 327680K
}
Event: 522.168 GC heap before
{Heap before GC invocations=26 (full 0):
 garbage-first heap   total 262144K, used 208525K [0x00000000e0000000, 0x0000000100000000)
  region size 1024K, 97 young (99328K), 7 survivors (7168K)
 Metaspace       used 71359K, committed 72640K, reserved 393216K
  class space    used 9510K, committed 9984K, reserved 327680K
}
Event: 522.185 GC heap after
{Heap after GC invocations=27 (full 0):
 garbage-first heap   total 262144K, used 122833K [0x00000000e0000000, 0x0000000100000000)
  region size 1024K, 13 young (13312K), 13 survivors (13312K)
 Metaspace       used 71359K, committed 72640K, reserved 393216K
  class space    used 9510K, committed 9984K, reserved 327680K
}
Event: 541.738 GC heap before
{Heap before GC invocations=27 (full 0):
 garbage-first heap   total 262144K, used 209873K [0x00000000e0000000, 0x0000000100000000)
  region size 1024K, 99 young (101376K), 13 survivors (13312K)
 Metaspace       used 71558K, committed 72704K, reserved 393216K
  class space    used 9526K, committed 9984K, reserved 327680K
}
Event: 541.747 GC heap after
{Heap after GC invocations=28 (full 0):
 garbage-first heap   total 262144K, used 115881K [0x00000000e0000000, 0x0000000100000000)
  region size 1024K, 5 young (5120K), 5 survivors (5120K)
 Metaspace       used 71558K, committed 72704K, reserved 393216K
  class space    used 9526K, committed 9984K, reserved 327680K
}

