# JRE version: OpenJDK Runtime Environment Corretto-17.0.10.7.1 (17.0.10+7) (build 17.0.10+7-LTS)
# Java VM: OpenJDK 64-Bit Server VM Corretto-17.0.10.7.1 (17.0.10+7-LTS, mixed mode, sharing, tiered, compressed oops, compressed class ptrs, g1 gc, windows-amd64)
GC Precious Log:
 CPUs: 4 total, 4 available
 Memory: 7887M
 Large Page Support: Disabled
 NUMA Support: Disabled
 Compressed Oops: Enabled (32-bit)
 Heap Region Size: 1M
 Heap Min Capacity: 256M
 Heap Initial Capacity: 256M
 Heap Max Capacity: 512M
 Pre-touch: Disabled
 Parallel Workers: 4
 Concurrent Workers: 1
 Concurrent Refinement Workers: 4
 Periodic GC: Disabled
Heap:
 garbage-first heap   total 262144K, used 112446K [0x00000000e0000000, 0x0000000100000000)
  region size 1024K, 58 young (59392K), 9 survivors (9216K)
 Metaspace       used 58280K, committed 59008K, reserved 393216K
  class space    used 7900K, committed 8256K, reserved 327680K
GC Heap History (20 events):
Event: 28.671 GC heap before
{Heap before GC invocations=5 (full 0):
 garbage-first heap   total 262144K, used 143674K [0x00000000e0000000, 0x0000000100000000)
  region size 1024K, 126 young (129024K), 12 survivors (12288K)
 Metaspace       used 35610K, committed 35968K, reserved 393216K
  class space    used 4935K, committed 5056K, reserved 327680K
}
Event: 28.697 GC heap after
{Heap after GC invocations=6 (full 0):
 garbage-first heap   total 262144K, used 33137K [0x00000000e0000000, 0x0000000100000000)
  region size 1024K, 10 young (10240K), 10 survivors (10240K)
 Metaspace       used 35610K, committed 35968K, reserved 393216K
  class space    used 4935K, committed 5056K, reserved 327680K
}
Event: 28.792 GC heap before
{Heap before GC invocations=6 (full 0):
 garbage-first heap   total 262144K, used 35185K [0x00000000e0000000, 0x0000000100000000)
  region size 1024K, 12 young (12288K), 10 survivors (10240K)
 Metaspace       used 35802K, committed 36224K, reserved 393216K
  class space    used 4966K, committed 5120K, reserved 327680K
}
Event: 28.806 GC heap after
{Heap after GC invocations=7 (full 0):
 garbage-first heap   total 262144K, used 33475K [0x00000000e0000000, 0x0000000100000000)
  region size 1024K, 2 young (2048K), 2 survivors (2048K)
 Metaspace       used 35802K, committed 36224K, reserved 393216K
  class space    used 4966K, committed 5120K, reserved 327680K
}
Event: 28.836 GC heap before
{Heap before GC invocations=7 (full 0):
 garbage-first heap   total 262144K, used 34499K [0x00000000e0000000, 0x0000000100000000)
  region size 1024K, 4 young (4096K), 2 survivors (2048K)
 Metaspace       used 35940K, committed 36288K, reserved 393216K
  class space    used 4992K, committed 5120K, reserved 327680K
}
Event: 28.839 GC heap after
{Heap after GC invocations=8 (full 0):
 garbage-first heap   total 262144K, used 32470K [0x00000000e0000000, 0x0000000100000000)
  region size 1024K, 1 young (1024K), 1 survivors (1024K)
 Metaspace       used 35940K, committed 36288K, reserved 393216K
  class space    used 4992K, committed 5120K, reserved 327680K
}
Event: 35.763 GC heap before
{Heap before GC invocations=9 (full 0):
 garbage-first heap   total 262144K, used 189142K [0x00000000e0000000, 0x0000000100000000)
  region size 1024K, 153 young (156672K), 1 survivors (1024K)
 Metaspace       used 48792K, committed 49280K, reserved 393216K
  class space    used 6920K, committed 7168K, reserved 327680K
}
Event: 35.781 GC heap after
{Heap after GC invocations=10 (full 0):
 garbage-first heap   total 262144K, used 42386K [0x00000000e0000000, 0x0000000100000000)
  region size 1024K, 11 young (11264K), 11 survivors (11264K)
 Metaspace       used 48792K, committed 49280K, reserved 393216K
  class space    used 6920K, committed 7168K, reserved 327680K
}
Event: 42.308 GC heap before
{Heap before GC invocations=10 (full 0):
 garbage-first heap   total 262144K, used 186770K [0x00000000e0000000, 0x0000000100000000)
  region size 1024K, 153 young (156672K), 11 survivors (11264K)
 Metaspace       used 54978K, committed 55488K, reserved 393216K
  class space    used 7669K, committed 7936K, reserved 327680K
}
Event: 42.340 GC heap after
{Heap after GC invocations=11 (full 0):
 garbage-first heap   total 262144K, used 53098K [0x00000000e0000000, 0x0000000100000000)
  region size 1024K, 20 young (20480K), 20 survivors (20480K)
 Metaspace       used 54978K, committed 55488K, reserved 393216K
  class space    used 7669K, committed 7936K, reserved 327680K
}
Event: 114.388 GC heap before
{Heap before GC invocations=11 (full 0):
 garbage-first heap   total 262144K, used 188266K [0x00000000e0000000, 0x0000000100000000)
  region size 1024K, 153 young (156672K), 20 survivors (20480K)
 Metaspace       used 56869K, committed 57408K, reserved 393216K
  class space    used 7854K, committed 8128K, reserved 327680K
}
Event: 114.421 GC heap after
{Heap after GC invocations=12 (full 0):
 garbage-first heap   total 262144K, used 56914K [0x00000000e0000000, 0x0000000100000000)
  region size 1024K, 6 young (6144K), 6 survivors (6144K)
 Metaspace       used 56869K, committed 57408K, reserved 393216K
  class space    used 7854K, committed 8128K, reserved 327680K
}
Event: 121.180 GC heap before
{Heap before GC invocations=12 (full 0):
 garbage-first heap   total 262144K, used 205394K [0x00000000e0000000, 0x0000000100000000)
  region size 1024K, 152 young (155648K), 6 survivors (6144K)
 Metaspace       used 57389K, committed 57920K, reserved 393216K
  class space    used 7858K, committed 8128K, reserved 327680K
}
Event: 121.206 GC heap after
{Heap after GC invocations=13 (full 0):
 garbage-first heap   total 262144K, used 67945K [0x00000000e0000000, 0x0000000100000000)
  region size 1024K, 17 young (17408K), 17 survivors (17408K)
 Metaspace       used 57389K, committed 57920K, reserved 393216K
  class space    used 7858K, committed 8128K, reserved 327680K
}
Event: 130.976 GC heap before
{Heap before GC invocations=13 (full 0):
 garbage-first heap   total 262144K, used 204137K [0x00000000e0000000, 0x0000000100000000)
  region size 1024K, 151 young (154624K), 17 survivors (17408K)
 Metaspace       used 57859K, committed 58496K, reserved 393216K
  class space    used 7891K, committed 8192K, reserved 327680K
}
Event: 130.998 GC heap after
{Heap after GC invocations=14 (full 0):
 garbage-first heap   total 262144K, used 65450K [0x00000000e0000000, 0x0000000100000000)
  region size 1024K, 11 young (11264K), 11 survivors (11264K)
 Metaspace       used 57859K, committed 58496K, reserved 393216K
  class space    used 7891K, committed 8192K, reserved 327680K
}
Event: 147.558 GC heap before
{Heap before GC invocations=14 (full 0):
 garbage-first heap   total 262144K, used 203690K [0x00000000e0000000, 0x0000000100000000)
  region size 1024K, 147 young (150528K), 11 survivors (11264K)
 Metaspace       used 58098K, committed 58752K, reserved 393216K
  class space    used 7896K, committed 8192K, reserved 327680K
}
Event: 147.567 GC heap after
{Heap after GC invocations=15 (full 0):
 garbage-first heap   total 262144K, used 60348K [0x00000000e0000000, 0x0000000100000000)
  region size 1024K, 5 young (5120K), 5 survivors (5120K)
 Metaspace       used 58098K, committed 58752K, reserved 393216K
  class space    used 7896K, committed 8192K, reserved 327680K
}
Event: 157.456 GC heap before
{Heap before GC invocations=15 (full 0):
 garbage-first heap   total 262144K, used 206780K [0x00000000e0000000, 0x0000000100000000)
  region size 1024K, 149 young (152576K), 5 survivors (5120K)
 Metaspace       used 58173K, committed 58816K, reserved 393216K
  class space    used 7898K, committed 8192K, reserved 327680K
}
Event: 157.472 GC heap after
{Heap after GC invocations=16 (full 0):
 garbage-first heap   total 262144K, used 64318K [0x00000000e0000000, 0x0000000100000000)
  region size 1024K, 9 young (9216K), 9 survivors (9216K)
 Metaspace       used 58173K, committed 58816K, reserved 393216K
  class space    used 7898K, committed 8192K, reserved 327680K
}

