# JRE version: OpenJDK Runtime Environment Corretto-17.0.10.7.1 (17.0.10+7) (build 17.0.10+7-LTS)
# Java VM: OpenJDK 64-Bit Server VM Corretto-17.0.10.7.1 (17.0.10+7-LTS, mixed mode, sharing, tiered, compressed oops, compressed class ptrs, g1 gc, windows-amd64)
GC Precious Log:
 CPUs: 4 total, 4 available
 Memory: 7887M
 Large Page Support: Disabled
 NUMA Support: Disabled
 Compressed Oops: Enabled (32-bit)
 Heap Region Size: 1M
 Heap Min Capacity: 256M
 Heap Initial Capacity: 256M
 Heap Max Capacity: 512M
 Pre-touch: Disabled
 Parallel Workers: 4
 Concurrent Workers: 1
 Concurrent Refinement Workers: 4
 Periodic GC: Disabled
Heap:
 garbage-first heap   total 262144K, used 159994K [0x00000000e0000000, 0x0000000100000000)
  region size 1024K, 106 young (108544K), 12 survivors (12288K)
 Metaspace       used 58094K, committed 58688K, reserved 393216K
  class space    used 7905K, committed 8192K, reserved 327680K
GC Heap History (20 events):
Event: 6.252 GC heap before
{Heap before GC invocations=3 (full 0):
 garbage-first heap   total 262144K, used 134015K [0x00000000e0000000, 0x0000000100000000)
  region size 1024K, 119 young (121856K), 1 survivors (1024K)
 Metaspace       used 21217K, committed 21504K, reserved 393216K
  class space    used 3129K, committed 3264K, reserved 327680K
}
Event: 6.268 GC heap after
{Heap after GC invocations=4 (full 0):
 garbage-first heap   total 262144K, used 23582K [0x00000000e0000000, 0x0000000100000000)
  region size 1024K, 12 young (12288K), 12 survivors (12288K)
 Metaspace       used 21217K, committed 21504K, reserved 393216K
  class space    used 3129K, committed 3264K, reserved 327680K
}
Event: 9.340 GC heap before
{Heap before GC invocations=5 (full 0):
 garbage-first heap   total 262144K, used 145438K [0x00000000e0000000, 0x0000000100000000)
  region size 1024K, 128 young (131072K), 12 survivors (12288K)
 Metaspace       used 35860K, committed 36288K, reserved 393216K
  class space    used 5001K, committed 5248K, reserved 327680K
}
Event: 9.370 GC heap after
{Heap after GC invocations=6 (full 0):
 garbage-first heap   total 262144K, used 33449K [0x00000000e0000000, 0x0000000100000000)
  region size 1024K, 10 young (10240K), 10 survivors (10240K)
 Metaspace       used 35860K, committed 36288K, reserved 393216K
  class space    used 5001K, committed 5248K, reserved 327680K
}
Event: 9.437 GC heap before
{Heap before GC invocations=6 (full 0):
 garbage-first heap   total 262144K, used 35497K [0x00000000e0000000, 0x0000000100000000)
  region size 1024K, 12 young (12288K), 10 survivors (10240K)
 Metaspace       used 36100K, committed 36480K, reserved 393216K
  class space    used 5047K, committed 5248K, reserved 327680K
}
Event: 9.451 GC heap after
{Heap after GC invocations=7 (full 0):
 garbage-first heap   total 262144K, used 34173K [0x00000000e0000000, 0x0000000100000000)
  region size 1024K, 2 young (2048K), 2 survivors (2048K)
 Metaspace       used 36100K, committed 36480K, reserved 393216K
  class space    used 5047K, committed 5248K, reserved 327680K
}
Event: 9.479 GC heap before
{Heap before GC invocations=7 (full 0):
 garbage-first heap   total 262144K, used 35197K [0x00000000e0000000, 0x0000000100000000)
  region size 1024K, 4 young (4096K), 2 survivors (2048K)
 Metaspace       used 36216K, committed 36608K, reserved 393216K
  class space    used 5068K, committed 5248K, reserved 327680K
}
Event: 9.481 GC heap after
{Heap after GC invocations=8 (full 0):
 garbage-first heap   total 262144K, used 33053K [0x00000000e0000000, 0x0000000100000000)
  region size 1024K, 1 young (1024K), 1 survivors (1024K)
 Metaspace       used 36216K, committed 36608K, reserved 393216K
  class space    used 5068K, committed 5248K, reserved 327680K
}
Event: 13.594 GC heap before
{Heap before GC invocations=9 (full 0):
 garbage-first heap   total 262144K, used 189725K [0x00000000e0000000, 0x0000000100000000)
  region size 1024K, 153 young (156672K), 1 survivors (1024K)
 Metaspace       used 48843K, committed 49344K, reserved 393216K
  class space    used 6953K, committed 7168K, reserved 327680K
}
Event: 13.615 GC heap after
{Heap after GC invocations=10 (full 0):
 garbage-first heap   total 262144K, used 42574K [0x00000000e0000000, 0x0000000100000000)
  region size 1024K, 10 young (10240K), 10 survivors (10240K)
 Metaspace       used 48843K, committed 49344K, reserved 393216K
  class space    used 6953K, committed 7168K, reserved 327680K
}
Event: 13.680 GC heap before
{Heap before GC invocations=10 (full 0):
 garbage-first heap   total 262144K, used 44622K [0x00000000e0000000, 0x0000000100000000)
  region size 1024K, 12 young (12288K), 10 survivors (10240K)
 Metaspace       used 49042K, committed 49536K, reserved 393216K
  class space    used 6983K, committed 7232K, reserved 327680K
}
Event: 13.697 GC heap after
{Heap after GC invocations=11 (full 0):
 garbage-first heap   total 262144K, used 43596K [0x00000000e0000000, 0x0000000100000000)
  region size 1024K, 2 young (2048K), 2 survivors (2048K)
 Metaspace       used 49042K, committed 49536K, reserved 393216K
  class space    used 6983K, committed 7232K, reserved 327680K
}
Event: 19.071 GC heap before
{Heap before GC invocations=11 (full 0):
 garbage-first heap   total 262144K, used 197196K [0x00000000e0000000, 0x0000000100000000)
  region size 1024K, 153 young (156672K), 2 survivors (2048K)
 Metaspace       used 55035K, committed 55552K, reserved 393216K
  class space    used 7674K, committed 7936K, reserved 327680K
}
Event: 19.093 GC heap after
{Heap after GC invocations=12 (full 0):
 garbage-first heap   total 262144K, used 54341K [0x00000000e0000000, 0x0000000100000000)
  region size 1024K, 12 young (12288K), 12 survivors (12288K)
 Metaspace       used 55035K, committed 55552K, reserved 393216K
  class space    used 7674K, committed 7936K, reserved 327680K
}
Event: 578.176 GC heap before
{Heap before GC invocations=12 (full 0):
 garbage-first heap   total 262144K, used 197701K [0x00000000e0000000, 0x0000000100000000)
  region size 1024K, 153 young (156672K), 12 survivors (12288K)
 Metaspace       used 57002K, committed 57600K, reserved 393216K
  class space    used 7861K, committed 8128K, reserved 327680K
}
Event: 578.285 GC heap after
{Heap after GC invocations=13 (full 0):
 garbage-first heap   total 262144K, used 56147K [0x00000000e0000000, 0x0000000100000000)
  region size 1024K, 6 young (6144K), 6 survivors (6144K)
 Metaspace       used 57002K, committed 57600K, reserved 393216K
  class space    used 7861K, committed 8128K, reserved 327680K
}
Event: 585.399 GC heap before
{Heap before GC invocations=13 (full 0):
 garbage-first heap   total 262144K, used 204627K [0x00000000e0000000, 0x0000000100000000)
  region size 1024K, 152 young (155648K), 6 survivors (6144K)
 Metaspace       used 57478K, committed 58048K, reserved 393216K
  class space    used 7865K, committed 8128K, reserved 327680K
}
Event: 585.435 GC heap after
{Heap after GC invocations=14 (full 0):
 garbage-first heap   total 262144K, used 67363K [0x00000000e0000000, 0x0000000100000000)
  region size 1024K, 17 young (17408K), 17 survivors (17408K)
 Metaspace       used 57478K, committed 58048K, reserved 393216K
  class space    used 7865K, committed 8128K, reserved 327680K
}
Event: 595.003 GC heap before
{Heap before GC invocations=14 (full 0):
 garbage-first heap   total 262144K, used 203555K [0x00000000e0000000, 0x0000000100000000)
  region size 1024K, 151 young (154624K), 17 survivors (17408K)
 Metaspace       used 58001K, committed 58624K, reserved 393216K
  class space    used 7902K, committed 8192K, reserved 327680K
}
Event: 595.025 GC heap after
{Heap after GC invocations=15 (full 0):
 garbage-first heap   total 262144K, used 64762K [0x00000000e0000000, 0x0000000100000000)
  region size 1024K, 12 young (12288K), 12 survivors (12288K)
 Metaspace       used 58001K, committed 58624K, reserved 393216K
  class space    used 7902K, committed 8192K, reserved 327680K
}

