# JRE version: OpenJDK Runtime Environment Corretto-17.0.10.7.1 (17.0.10+7) (build 17.0.10+7-LTS)
# Java VM: OpenJDK 64-Bit Server VM Corretto-17.0.10.7.1 (17.0.10+7-LTS, mixed mode, sharing, tiered, compressed oops, compressed class ptrs, g1 gc, windows-amd64)
GC Precious Log:
 CPUs: 4 total, 4 available
 Memory: 7887M
 Large Page Support: Disabled
 NUMA Support: Disabled
 Compressed Oops: Enabled (32-bit)
 Heap Region Size: 1M
 Heap Min Capacity: 256M
 Heap Initial Capacity: 256M
 Heap Max Capacity: 512M
 Pre-touch: Disabled
 Parallel Workers: 4
 Concurrent Workers: 1
 Concurrent Refinement Workers: 4
 Periodic GC: Disabled
Heap:
 garbage-first heap   total 262144K, used 100691K [0x00000000e0000000, 0x0000000100000000)
  region size 1024K, 68 young (69632K), 1 survivors (1024K)
 Metaspace       used 43704K, committed 44160K, reserved 393216K
  class space    used 6156K, committed 6400K, reserved 327680K
GC Heap History (14 events):
Event: 2.571 GC heap before
{Heap before GC invocations=0 (full 0):
 garbage-first heap   total 262144K, used 13312K [0x00000000e0000000, 0x0000000100000000)
  region size 1024K, 13 young (13312K), 0 survivors (0K)
 Metaspace       used 797K, committed 896K, reserved 393216K
  class space    used 61K, committed 128K, reserved 327680K
}
Event: 2.611 GC heap after
{Heap after GC invocations=1 (full 0):
 garbage-first heap   total 262144K, used 1688K [0x00000000e0000000, 0x0000000100000000)
  region size 1024K, 2 young (2048K), 2 survivors (2048K)
 Metaspace       used 797K, committed 896K, reserved 393216K
  class space    used 61K, committed 128K, reserved 327680K
}
Event: 10.109 GC heap before
{Heap before GC invocations=1 (full 0):
 garbage-first heap   total 262144K, used 22168K [0x00000000e0000000, 0x0000000100000000)
  region size 1024K, 19 young (19456K), 2 survivors (2048K)
 Metaspace       used 3268K, committed 3392K, reserved 393216K
  class space    used 411K, committed 512K, reserved 327680K
}
Event: 10.116 GC heap after
{Heap after GC invocations=2 (full 0):
 garbage-first heap   total 262144K, used 11396K [0x00000000e0000000, 0x0000000100000000)
  region size 1024K, 3 young (3072K), 3 survivors (3072K)
 Metaspace       used 3268K, committed 3392K, reserved 393216K
  class space    used 411K, committed 512K, reserved 327680K
}
Event: 11.911 GC heap before
{Heap before GC invocations=2 (full 0):
 garbage-first heap   total 262144K, used 40068K [0x00000000e0000000, 0x0000000100000000)
  region size 1024K, 31 young (31744K), 3 survivors (3072K)
 Metaspace       used 4084K, committed 4288K, reserved 393216K
  class space    used 503K, committed 640K, reserved 327680K
}
Event: 11.915 GC heap after
{Heap after GC invocations=3 (full 0):
 garbage-first heap   total 262144K, used 12204K [0x00000000e0000000, 0x0000000100000000)
  region size 1024K, 1 young (1024K), 1 survivors (1024K)
 Metaspace       used 4084K, committed 4288K, reserved 393216K
  class space    used 503K, committed 640K, reserved 327680K
}
Event: 26.751 GC heap before
{Heap before GC invocations=3 (full 0):
 garbage-first heap   total 262144K, used 133036K [0x00000000e0000000, 0x0000000100000000)
  region size 1024K, 118 young (120832K), 1 survivors (1024K)
 Metaspace       used 21267K, committed 21504K, reserved 393216K
  class space    used 3129K, committed 3264K, reserved 327680K
}
Event: 26.766 GC heap after
{Heap after GC invocations=4 (full 0):
 garbage-first heap   total 262144K, used 23671K [0x00000000e0000000, 0x0000000100000000)
  region size 1024K, 12 young (12288K), 12 survivors (12288K)
 Metaspace       used 21267K, committed 21504K, reserved 393216K
  class space    used 3129K, committed 3264K, reserved 327680K
}
Event: 38.169 GC heap before
{Heap before GC invocations=5 (full 0):
 garbage-first heap   total 262144K, used 146551K [0x00000000e0000000, 0x0000000100000000)
  region size 1024K, 129 young (132096K), 12 survivors (12288K)
 Metaspace       used 35778K, committed 36096K, reserved 393216K
  class space    used 4975K, committed 5120K, reserved 327680K
}
Event: 38.194 GC heap after
{Heap after GC invocations=6 (full 0):
 garbage-first heap   total 262144K, used 32881K [0x00000000e0000000, 0x0000000100000000)
  region size 1024K, 10 young (10240K), 10 survivors (10240K)
 Metaspace       used 35778K, committed 36096K, reserved 393216K
  class space    used 4975K, committed 5120K, reserved 327680K
}
Event: 38.323 GC heap before
{Heap before GC invocations=6 (full 0):
 garbage-first heap   total 262144K, used 34929K [0x00000000e0000000, 0x0000000100000000)
  region size 1024K, 12 young (12288K), 10 survivors (10240K)
 Metaspace       used 36032K, committed 36416K, reserved 393216K
  class space    used 5019K, committed 5184K, reserved 327680K
}
Event: 38.334 GC heap after
{Heap after GC invocations=7 (full 0):
 garbage-first heap   total 262144K, used 33089K [0x00000000e0000000, 0x0000000100000000)
  region size 1024K, 2 young (2048K), 2 survivors (2048K)
 Metaspace       used 36032K, committed 36416K, reserved 393216K
  class space    used 5019K, committed 5184K, reserved 327680K
}
Event: 38.355 GC heap before
{Heap before GC invocations=7 (full 0):
 garbage-first heap   total 262144K, used 33089K [0x00000000e0000000, 0x0000000100000000)
  region size 1024K, 3 young (3072K), 2 survivors (2048K)
 Metaspace       used 36109K, committed 36416K, reserved 393216K
  class space    used 5031K, committed 5184K, reserved 327680K
}
Event: 38.357 GC heap after
{Heap after GC invocations=8 (full 0):
 garbage-first heap   total 262144K, used 32083K [0x00000000e0000000, 0x0000000100000000)
  region size 1024K, 1 young (1024K), 1 survivors (1024K)
 Metaspace       used 36109K, committed 36416K, reserved 393216K
  class space    used 5031K, committed 5184K, reserved 327680K
}

