# JRE version: OpenJDK Runtime Environment Corretto-17.0.10.7.1 (17.0.10+7) (build 17.0.10+7-LTS)
# Java VM: OpenJDK 64-Bit Server VM Corretto-17.0.10.7.1 (17.0.10+7-LTS, mixed mode, sharing, tiered, compressed oops, compressed class ptrs, g1 gc, windows-amd64)
GC Precious Log:
 CPUs: 4 total, 4 available
 Memory: 7887M
 Large Page Support: Disabled
 NUMA Support: Disabled
 Compressed Oops: Enabled (32-bit)
 Heap Region Size: 1M
 Heap Min Capacity: 256M
 Heap Initial Capacity: 256M
 Heap Max Capacity: 512M
 Pre-touch: Disabled
 Parallel Workers: 4
 Concurrent Workers: 1
 Concurrent Refinement Workers: 4
 Periodic GC: Disabled
Heap:
 garbage-first heap   total 262144K, used 193180K [0x00000000e0000000, 0x0000000100000000)
  region size 1024K, 82 young (83968K), 13 survivors (13312K)
 Metaspace       used 70840K, committed 71744K, reserved 393216K
  class space    used 9333K, committed 9856K, reserved 327680K
GC Heap History (20 events):
Event: 342.743 GC heap before
{Heap before GC invocations=35 (full 0):
 garbage-first heap   total 262144K, used 206566K [0x00000000e0000000, 0x0000000100000000)
  region size 1024K, 100 young (102400K), 9 survivors (9216K)
 Metaspace       used 70438K, committed 71680K, reserved 393216K
  class space    used 9325K, committed 9856K, reserved 327680K
}
Event: 342.765 GC heap after
{Heap after GC invocations=36 (full 0):
 garbage-first heap   total 262144K, used 122707K [0x00000000e0000000, 0x0000000100000000)
  region size 1024K, 10 young (10240K), 10 survivors (10240K)
 Metaspace       used 70438K, committed 71680K, reserved 393216K
  class space    used 9325K, committed 9856K, reserved 327680K
}
Event: 369.117 GC heap before
{Heap before GC invocations=36 (full 0):
 garbage-first heap   total 262144K, used 207699K [0x00000000e0000000, 0x0000000100000000)
  region size 1024K, 94 young (96256K), 10 survivors (10240K)
 Metaspace       used 70538K, committed 71744K, reserved 393216K
  class space    used 9328K, committed 9856K, reserved 327680K
}
Event: 369.131 GC heap after
{Heap after GC invocations=37 (full 0):
 garbage-first heap   total 262144K, used 123182K [0x00000000e0000000, 0x0000000100000000)
  region size 1024K, 5 young (5120K), 5 survivors (5120K)
 Metaspace       used 70538K, committed 71744K, reserved 393216K
  class space    used 9328K, committed 9856K, reserved 327680K
}
Event: 370.463 GC heap before
{Heap before GC invocations=38 (full 0):
 garbage-first heap   total 262144K, used 193838K [0x00000000e0000000, 0x0000000100000000)
  region size 1024K, 91 young (93184K), 5 survivors (5120K)
 Metaspace       used 70539K, committed 71744K, reserved 393216K
  class space    used 9328K, committed 9856K, reserved 327680K
}
Event: 370.482 GC heap after
{Heap after GC invocations=39 (full 0):
 garbage-first heap   total 262144K, used 114929K [0x00000000e0000000, 0x0000000100000000)
  region size 1024K, 12 young (12288K), 12 survivors (12288K)
 Metaspace       used 70539K, committed 71744K, reserved 393216K
  class space    used 9328K, committed 9856K, reserved 327680K
}
Event: 370.489 GC heap before
{Heap before GC invocations=39 (full 0):
 garbage-first heap   total 262144K, used 114929K [0x00000000e0000000, 0x0000000100000000)
  region size 1024K, 13 young (13312K), 12 survivors (12288K)
 Metaspace       used 70539K, committed 71744K, reserved 393216K
  class space    used 9328K, committed 9856K, reserved 327680K
}
Event: 370.507 GC heap after
{Heap after GC invocations=40 (full 0):
 garbage-first heap   total 262144K, used 97188K [0x00000000e0000000, 0x0000000100000000)
  region size 1024K, 2 young (2048K), 2 survivors (2048K)
 Metaspace       used 70539K, committed 71744K, reserved 393216K
  class space    used 9328K, committed 9856K, reserved 327680K
}
Event: 431.959 GC heap before
{Heap before GC invocations=40 (full 0):
 garbage-first heap   total 262144K, used 205732K [0x00000000e0000000, 0x0000000100000000)
  region size 1024K, 109 young (111616K), 2 survivors (2048K)
 Metaspace       used 70615K, committed 71744K, reserved 393216K
  class space    used 9329K, committed 9856K, reserved 327680K
}
Event: 431.973 GC heap after
{Heap after GC invocations=41 (full 0):
 garbage-first heap   total 262144K, used 104301K [0x00000000e0000000, 0x0000000100000000)
  region size 1024K, 9 young (9216K), 9 survivors (9216K)
 Metaspace       used 70615K, committed 71744K, reserved 393216K
  class space    used 9329K, committed 9856K, reserved 327680K
}
Event: 433.109 GC heap before
{Heap before GC invocations=41 (full 0):
 garbage-first heap   total 262144K, used 207725K [0x00000000e0000000, 0x0000000100000000)
  region size 1024K, 111 young (113664K), 9 survivors (9216K)
 Metaspace       used 70621K, committed 71744K, reserved 393216K
  class space    used 9330K, committed 9856K, reserved 327680K
}
Event: 433.134 GC heap after
{Heap after GC invocations=42 (full 0):
 garbage-first heap   total 262144K, used 113024K [0x00000000e0000000, 0x0000000100000000)
  region size 1024K, 10 young (10240K), 10 survivors (10240K)
 Metaspace       used 70621K, committed 71744K, reserved 393216K
  class space    used 9330K, committed 9856K, reserved 327680K
}
Event: 463.616 GC heap before
{Heap before GC invocations=42 (full 0):
 garbage-first heap   total 262144K, used 208256K [0x00000000e0000000, 0x0000000100000000)
  region size 1024K, 104 young (106496K), 10 survivors (10240K)
 Metaspace       used 70685K, committed 71744K, reserved 393216K
  class space    used 9331K, committed 9856K, reserved 327680K
}
Event: 463.631 GC heap after
{Heap after GC invocations=43 (full 0):
 garbage-first heap   total 262144K, used 114065K [0x00000000e0000000, 0x0000000100000000)
  region size 1024K, 6 young (6144K), 6 survivors (6144K)
 Metaspace       used 70685K, committed 71744K, reserved 393216K
  class space    used 9331K, committed 9856K, reserved 327680K
}
Event: 465.146 GC heap before
{Heap before GC invocations=43 (full 0):
 garbage-first heap   total 262144K, used 211345K [0x00000000e0000000, 0x0000000100000000)
  region size 1024K, 101 young (103424K), 6 survivors (6144K)
 Metaspace       used 70691K, committed 71744K, reserved 393216K
  class space    used 9332K, committed 9856K, reserved 327680K
}
Event: 465.166 GC heap after
{Heap after GC invocations=44 (full 0):
 garbage-first heap   total 262144K, used 122372K [0x00000000e0000000, 0x0000000100000000)
  region size 1024K, 13 young (13312K), 13 survivors (13312K)
 Metaspace       used 70691K, committed 71744K, reserved 393216K
  class space    used 9332K, committed 9856K, reserved 327680K
}
Event: 544.448 GC heap before
{Heap before GC invocations=44 (full 0):
 garbage-first heap   total 262144K, used 211460K [0x00000000e0000000, 0x0000000100000000)
  region size 1024K, 101 young (103424K), 13 survivors (13312K)
 Metaspace       used 70752K, committed 71744K, reserved 393216K
  class space    used 9332K, committed 9856K, reserved 327680K
}
Event: 544.457 GC heap after
{Heap after GC invocations=45 (full 0):
 garbage-first heap   total 262144K, used 114824K [0x00000000e0000000, 0x0000000100000000)
  region size 1024K, 4 young (4096K), 4 survivors (4096K)
 Metaspace       used 70752K, committed 71744K, reserved 393216K
  class space    used 9332K, committed 9856K, reserved 327680K
}
Event: 545.690 GC heap before
{Heap before GC invocations=45 (full 0):
 garbage-first heap   total 262144K, used 213128K [0x00000000e0000000, 0x0000000100000000)
  region size 1024K, 100 young (102400K), 4 survivors (4096K)
 Metaspace       used 70752K, committed 71744K, reserved 393216K
  class space    used 9333K, committed 9856K, reserved 327680K
}
Event: 545.707 GC heap after
{Heap after GC invocations=46 (full 0):
 garbage-first heap   total 262144K, used 123548K [0x00000000e0000000, 0x0000000100000000)
  region size 1024K, 13 young (13312K), 13 survivors (13312K)
 Metaspace       used 70752K, committed 71744K, reserved 393216K
  class space    used 9333K, committed 9856K, reserved 327680K
}

