# JRE version: OpenJDK Runtime Environment Corretto-17.0.10.7.1 (17.0.10+7) (build 17.0.10+7-LTS)
# Java VM: OpenJDK 64-Bit Server VM Corretto-17.0.10.7.1 (17.0.10+7-LTS, mixed mode, sharing, tiered, compressed oops, compressed class ptrs, g1 gc, windows-amd64)
GC Precious Log:
 CPUs: 4 total, 4 available
 Memory: 7887M
 Large Page Support: Disabled
 NUMA Support: Disabled
 Compressed Oops: Enabled (32-bit)
 Heap Region Size: 1M
 Heap Min Capacity: 256M
 Heap Initial Capacity: 256M
 Heap Max Capacity: 512M
 Pre-touch: Disabled
 Parallel Workers: 4
 Concurrent Workers: 1
 Concurrent Refinement Workers: 4
 Periodic GC: Disabled
Heap:
 garbage-first heap   total 262144K, used 173565K [0x00000000e0000000, 0x0000000100000000)
  region size 1024K, 118 young (120832K), 9 survivors (9216K)
 Metaspace       used 58591K, committed 59264K, reserved 393216K
  class space    used 7932K, committed 8256K, reserved 327680K
GC Heap History (20 events):
Event: 15.927 GC heap before
{Heap before GC invocations=7 (full 0):
 garbage-first heap   total 262144K, used 181606K [0x00000000e0000000, 0x0000000100000000)
  region size 1024K, 153 young (156672K), 10 survivors (10240K)
 Metaspace       used 48699K, committed 49216K, reserved 393216K
  class space    used 6928K, committed 7168K, reserved 327680K
}
Event: 15.957 GC heap after
{Heap after GC invocations=8 (full 0):
 garbage-first heap   total 262144K, used 41935K [0x00000000e0000000, 0x0000000100000000)
  region size 1024K, 19 young (19456K), 19 survivors (19456K)
 Metaspace       used 48699K, committed 49216K, reserved 393216K
  class space    used 6928K, committed 7168K, reserved 327680K
}
Event: 20.859 GC heap before
{Heap before GC invocations=8 (full 0):
 garbage-first heap   total 262144K, used 178127K [0x00000000e0000000, 0x0000000100000000)
  region size 1024K, 153 young (156672K), 19 survivors (19456K)
 Metaspace       used 54821K, committed 55360K, reserved 393216K
  class space    used 7683K, committed 7936K, reserved 327680K
}
Event: 20.899 GC heap after
{Heap after GC invocations=9 (full 0):
 garbage-first heap   total 262144K, used 52381K [0x00000000e0000000, 0x0000000100000000)
  region size 1024K, 20 young (20480K), 20 survivors (20480K)
 Metaspace       used 54821K, committed 55360K, reserved 393216K
  class space    used 7683K, committed 7936K, reserved 327680K
}
Event: 60.017 GC heap before
{Heap before GC invocations=9 (full 0):
 garbage-first heap   total 262144K, used 188573K [0x00000000e0000000, 0x0000000100000000)
  region size 1024K, 153 young (156672K), 20 survivors (20480K)
 Metaspace       used 56658K, committed 57216K, reserved 393216K
  class space    used 7863K, committed 8128K, reserved 327680K
}
Event: 60.058 GC heap after
{Heap after GC invocations=10 (full 0):
 garbage-first heap   total 262144K, used 54101K [0x00000000e0000000, 0x0000000100000000)
  region size 1024K, 5 young (5120K), 5 survivors (5120K)
 Metaspace       used 56658K, committed 57216K, reserved 393216K
  class space    used 7863K, committed 8128K, reserved 327680K
}
Event: 65.935 GC heap before
{Heap before GC invocations=10 (full 0):
 garbage-first heap   total 262144K, used 203605K [0x00000000e0000000, 0x0000000100000000)
  region size 1024K, 152 young (155648K), 5 survivors (5120K)
 Metaspace       used 57391K, committed 57984K, reserved 393216K
  class space    used 7875K, committed 8128K, reserved 327680K
}
Event: 65.964 GC heap after
{Heap after GC invocations=11 (full 0):
 garbage-first heap   total 262144K, used 66236K [0x00000000e0000000, 0x0000000100000000)
  region size 1024K, 17 young (17408K), 17 survivors (17408K)
 Metaspace       used 57391K, committed 57984K, reserved 393216K
  class space    used 7875K, committed 8128K, reserved 327680K
}
Event: 85.422 GC heap before
{Heap before GC invocations=11 (full 0):
 garbage-first heap   total 262144K, used 203452K [0x00000000e0000000, 0x0000000100000000)
  region size 1024K, 152 young (155648K), 17 survivors (17408K)
 Metaspace       used 57861K, committed 58432K, reserved 393216K
  class space    used 7910K, committed 8192K, reserved 327680K
}
Event: 85.446 GC heap after
{Heap after GC invocations=12 (full 0):
 garbage-first heap   total 262144K, used 63334K [0x00000000e0000000, 0x0000000100000000)
  region size 1024K, 10 young (10240K), 10 survivors (10240K)
 Metaspace       used 57861K, committed 58432K, reserved 393216K
  class space    used 7910K, committed 8192K, reserved 327680K
}
Event: 275.292 GC heap before
{Heap before GC invocations=12 (full 0):
 garbage-first heap   total 262144K, used 203622K [0x00000000e0000000, 0x0000000100000000)
  region size 1024K, 148 young (151552K), 10 survivors (10240K)
 Metaspace       used 58101K, committed 58752K, reserved 393216K
  class space    used 7915K, committed 8256K, reserved 327680K
}
Event: 275.300 GC heap after
{Heap after GC invocations=13 (full 0):
 garbage-first heap   total 262144K, used 58214K [0x00000000e0000000, 0x0000000100000000)
  region size 1024K, 5 young (5120K), 5 survivors (5120K)
 Metaspace       used 58101K, committed 58752K, reserved 393216K
  class space    used 7915K, committed 8256K, reserved 327680K
}
Event: 277.030 GC heap before
{Heap before GC invocations=13 (full 0):
 garbage-first heap   total 262144K, used 206694K [0x00000000e0000000, 0x0000000100000000)
  region size 1024K, 151 young (154624K), 5 survivors (5120K)
 Metaspace       used 58157K, committed 58816K, reserved 393216K
  class space    used 7917K, committed 8256K, reserved 327680K
}
Event: 277.052 GC heap after
{Heap after GC invocations=14 (full 0):
 garbage-first heap   total 262144K, used 69284K [0x00000000e0000000, 0x0000000100000000)
  region size 1024K, 16 young (16384K), 16 survivors (16384K)
 Metaspace       used 58157K, committed 58816K, reserved 393216K
  class space    used 7917K, committed 8256K, reserved 327680K
}
Event: 6055.377 GC heap before
{Heap before GC invocations=14 (full 0):
 garbage-first heap   total 262144K, used 204452K [0x00000000e0000000, 0x0000000100000000)
  region size 1024K, 149 young (152576K), 16 survivors (16384K)
 Metaspace       used 58393K, committed 59072K, reserved 393216K
  class space    used 7918K, committed 8256K, reserved 327680K
}
Event: 6055.444 GC heap after
{Heap after GC invocations=15 (full 0):
 garbage-first heap   total 262144K, used 55869K [0x00000000e0000000, 0x0000000100000000)
  region size 1024K, 2 young (2048K), 2 survivors (2048K)
 Metaspace       used 58393K, committed 59072K, reserved 393216K
  class space    used 7918K, committed 8256K, reserved 327680K
}
Event: 7326.549 GC heap before
{Heap before GC invocations=15 (full 0):
 garbage-first heap   total 262144K, used 208445K [0x00000000e0000000, 0x0000000100000000)
  region size 1024K, 152 young (155648K), 2 survivors (2048K)
 Metaspace       used 58452K, committed 59072K, reserved 393216K
  class space    used 7919K, committed 8256K, reserved 327680K
}
Event: 7326.643 GC heap after
{Heap after GC invocations=16 (full 0):
 garbage-first heap   total 262144K, used 66273K [0x00000000e0000000, 0x0000000100000000)
  region size 1024K, 13 young (13312K), 13 survivors (13312K)
 Metaspace       used 58452K, committed 59072K, reserved 393216K
  class space    used 7919K, committed 8256K, reserved 327680K
}
Event: 7436.590 GC heap before
{Heap before GC invocations=16 (full 0):
 garbage-first heap   total 262144K, used 205537K [0x00000000e0000000, 0x0000000100000000)
  region size 1024K, 150 young (153600K), 13 survivors (13312K)
 Metaspace       used 58583K, committed 59264K, reserved 393216K
  class space    used 7931K, committed 8256K, reserved 327680K
}
Event: 7436.605 GC heap after
{Heap after GC invocations=17 (full 0):
 garbage-first heap   total 262144K, used 62973K [0x00000000e0000000, 0x0000000100000000)
  region size 1024K, 9 young (9216K), 9 survivors (9216K)
 Metaspace       used 58583K, committed 59264K, reserved 393216K
  class space    used 7931K, committed 8256K, reserved 327680K
}

