# JRE version: OpenJDK Runtime Environment Corretto-17.0.10.7.1 (17.0.10+7) (build 17.0.10+7-LTS)
# Java VM: OpenJDK 64-Bit Server VM Corretto-17.0.10.7.1 (17.0.10+7-LTS, mixed mode, sharing, tiered, compressed oops, compressed class ptrs, g1 gc, windows-amd64)
GC Precious Log:
 CPUs: 4 total, 4 available
 Memory: 7887M
 Large Page Support: Disabled
 NUMA Support: Disabled
 Compressed Oops: Enabled (32-bit)
 Heap Region Size: 1M
 Heap Min Capacity: 256M
 Heap Initial Capacity: 256M
 Heap Max Capacity: 512M
 Pre-touch: Disabled
 Parallel Workers: 4
 Concurrent Workers: 1
 Concurrent Refinement Workers: 4
 Periodic GC: Disabled
Heap:
 garbage-first heap   total 262144K, used 187114K [0x00000000e0000000, 0x0000000100000000)
  region size 1024K, 133 young (136192K), 9 survivors (9216K)
 Metaspace       used 58398K, committed 59008K, reserved 393216K
  class space    used 7904K, committed 8192K, reserved 327680K
GC Heap History (20 events):
Event: 3.612 GC heap before
{Heap before GC invocations=2 (full 0):
 garbage-first heap   total 262144K, used 41868K [0x00000000e0000000, 0x0000000100000000)
  region size 1024K, 33 young (33792K), 3 survivors (3072K)
 Metaspace       used 4056K, committed 4288K, reserved 393216K
  class space    used 503K, committed 640K, reserved 327680K
}
Event: 3.616 GC heap after
{Heap after GC invocations=3 (full 0):
 garbage-first heap   total 262144K, used 11864K [0x00000000e0000000, 0x0000000100000000)
  region size 1024K, 1 young (1024K), 1 survivors (1024K)
 Metaspace       used 4056K, committed 4288K, reserved 393216K
  class space    used 503K, committed 640K, reserved 327680K
}
Event: 13.274 GC heap before
{Heap before GC invocations=3 (full 0):
 garbage-first heap   total 262144K, used 134744K [0x00000000e0000000, 0x0000000100000000)
  region size 1024K, 120 young (122880K), 1 survivors (1024K)
 Metaspace       used 21220K, committed 21504K, reserved 393216K
  class space    used 3130K, committed 3264K, reserved 327680K
}
Event: 13.290 GC heap after
{Heap after GC invocations=4 (full 0):
 garbage-first heap   total 262144K, used 23351K [0x00000000e0000000, 0x0000000100000000)
  region size 1024K, 12 young (12288K), 12 survivors (12288K)
 Metaspace       used 21220K, committed 21504K, reserved 393216K
  class space    used 3130K, committed 3264K, reserved 327680K
}
Event: 17.230 GC heap before
{Heap before GC invocations=5 (full 0):
 garbage-first heap   total 262144K, used 146231K [0x00000000e0000000, 0x0000000100000000)
  region size 1024K, 129 young (132096K), 12 survivors (12288K)
 Metaspace       used 35814K, committed 36096K, reserved 393216K
  class space    used 4992K, committed 5120K, reserved 327680K
}
Event: 17.255 GC heap after
{Heap after GC invocations=6 (full 0):
 garbage-first heap   total 262144K, used 33017K [0x00000000e0000000, 0x0000000100000000)
  region size 1024K, 10 young (10240K), 10 survivors (10240K)
 Metaspace       used 35814K, committed 36096K, reserved 393216K
  class space    used 4992K, committed 5120K, reserved 327680K
}
Event: 28.578 GC heap before
{Heap before GC invocations=7 (full 0):
 garbage-first heap   total 262144K, used 180473K [0x00000000e0000000, 0x0000000100000000)
  region size 1024K, 153 young (156672K), 10 survivors (10240K)
 Metaspace       used 48652K, committed 49088K, reserved 393216K
  class space    used 6912K, committed 7104K, reserved 327680K
}
Event: 28.603 GC heap after
{Heap after GC invocations=8 (full 0):
 garbage-first heap   total 262144K, used 41202K [0x00000000e0000000, 0x0000000100000000)
  region size 1024K, 18 young (18432K), 18 survivors (18432K)
 Metaspace       used 48652K, committed 49088K, reserved 393216K
  class space    used 6912K, committed 7104K, reserved 327680K
}
Event: 41.358 GC heap before
{Heap before GC invocations=8 (full 0):
 garbage-first heap   total 262144K, used 178418K [0x00000000e0000000, 0x0000000100000000)
  region size 1024K, 153 young (156672K), 18 survivors (18432K)
 Metaspace       used 54816K, committed 55360K, reserved 393216K
  class space    used 7666K, committed 7936K, reserved 327680K
}
Event: 41.395 GC heap after
{Heap after GC invocations=9 (full 0):
 garbage-first heap   total 262144K, used 51615K [0x00000000e0000000, 0x0000000100000000)
  region size 1024K, 20 young (20480K), 20 survivors (20480K)
 Metaspace       used 54816K, committed 55360K, reserved 393216K
  class space    used 7666K, committed 7936K, reserved 327680K
}
Event: 805.909 GC heap before
{Heap before GC invocations=9 (full 0):
 garbage-first heap   total 262144K, used 187807K [0x00000000e0000000, 0x0000000100000000)
  region size 1024K, 153 young (156672K), 20 survivors (20480K)
 Metaspace       used 56526K, committed 57024K, reserved 393216K
  class space    used 7836K, committed 8064K, reserved 327680K
}
Event: 805.939 GC heap after
{Heap after GC invocations=10 (full 0):
 garbage-first heap   total 262144K, used 52890K [0x00000000e0000000, 0x0000000100000000)
  region size 1024K, 4 young (4096K), 4 survivors (4096K)
 Metaspace       used 56526K, committed 57024K, reserved 393216K
  class space    used 7836K, committed 8064K, reserved 327680K
}
Event: 5701.734 GC heap before
{Heap before GC invocations=10 (full 0):
 garbage-first heap   total 262144K, used 202394K [0x00000000e0000000, 0x0000000100000000)
  region size 1024K, 151 young (154624K), 4 survivors (4096K)
 Metaspace       used 57252K, committed 57792K, reserved 393216K
  class space    used 7855K, committed 8128K, reserved 327680K
}
Event: 5701.770 GC heap after
{Heap after GC invocations=11 (full 0):
 garbage-first heap   total 262144K, used 55592K [0x00000000e0000000, 0x0000000100000000)
  region size 1024K, 7 young (7168K), 7 survivors (7168K)
 Metaspace       used 57252K, committed 57792K, reserved 393216K
  class space    used 7855K, committed 8128K, reserved 327680K
}
Event: 5706.386 GC heap before
{Heap before GC invocations=11 (full 0):
 garbage-first heap   total 262144K, used 205096K [0x00000000e0000000, 0x0000000100000000)
  region size 1024K, 153 young (156672K), 7 survivors (7168K)
 Metaspace       used 57590K, committed 58176K, reserved 393216K
  class space    used 7857K, committed 8128K, reserved 327680K
}
Event: 5706.412 GC heap after
{Heap after GC invocations=12 (full 0):
 garbage-first heap   total 262144K, used 62106K [0x00000000e0000000, 0x0000000100000000)
  region size 1024K, 13 young (13312K), 13 survivors (13312K)
 Metaspace       used 57590K, committed 58176K, reserved 393216K
  class space    used 7857K, committed 8128K, reserved 327680K
}
Event: 5714.864 GC heap before
{Heap before GC invocations=12 (full 0):
 garbage-first heap   total 262144K, used 204442K [0x00000000e0000000, 0x0000000100000000)
  region size 1024K, 153 young (156672K), 13 survivors (13312K)
 Metaspace       used 58173K, committed 58752K, reserved 393216K
  class space    used 7894K, committed 8192K, reserved 327680K
}
Event: 5714.891 GC heap after
{Heap after GC invocations=13 (full 0):
 garbage-first heap   total 262144K, used 65342K [0x00000000e0000000, 0x0000000100000000)
  region size 1024K, 14 young (14336K), 14 survivors (14336K)
 Metaspace       used 58173K, committed 58752K, reserved 393216K
  class space    used 7894K, committed 8192K, reserved 327680K
}
Event: 5732.525 GC heap before
{Heap before GC invocations=13 (full 0):
 garbage-first heap   total 262144K, used 204606K [0x00000000e0000000, 0x0000000100000000)
  region size 1024K, 151 young (154624K), 14 survivors (14336K)
 Metaspace       used 58328K, committed 58944K, reserved 393216K
  class space    used 7900K, committed 8192K, reserved 327680K
}
Event: 5732.541 GC heap after
{Heap after GC invocations=14 (full 0):
 garbage-first heap   total 262144K, used 61162K [0x00000000e0000000, 0x0000000100000000)
  region size 1024K, 9 young (9216K), 9 survivors (9216K)
 Metaspace       used 58328K, committed 58944K, reserved 393216K
  class space    used 7900K, committed 8192K, reserved 327680K
}

