# JRE version: OpenJDK Runtime Environment Corretto-17.0.10.7.1 (17.0.10+7) (build 17.0.10+7-LTS)
# Java VM: OpenJDK 64-Bit Server VM Corretto-17.0.10.7.1 (17.0.10+7-LTS, mixed mode, emulated-client, sharing, tiered, compressed oops, compressed class ptrs, g1 gc, windows-amd64)
GC Precious Log:
 CPUs: 4 total, 4 available
 Memory: 7887M
 Large Page Support: Disabled
 NUMA Support: Disabled
 Compressed Oops: Enabled (32-bit)
 Heap Region Size: 1M
 Heap Min Capacity: 8M
 Heap Initial Capacity: 124M
 Heap Max Capacity: 1972M
 Pre-touch: Disabled
 Parallel Workers: 4
 Concurrent Workers: 1
 Concurrent Refinement Workers: 4
 Periodic GC: Disabled
Heap:
 garbage-first heap   total 126976K, used 47897K [0x0000000084c00000, 0x0000000100000000)
  region size 1024K, 3 young (3072K), 3 survivors (3072K)
 Metaspace       used 79493K, committed 80192K, reserved 1179648K
  class space    used 11676K, committed 12032K, reserved 1048576K
GC Heap History (20 events):
Event: 7.229 GC heap after
{Heap after GC invocations=15 (full 0):
 garbage-first heap   total 78848K, used 32183K [0x0000000084c00000, 0x0000000100000000)
  region size 1024K, 4 young (4096K), 4 survivors (4096K)
 Metaspace       used 57381K, committed 57856K, reserved 1114112K
  class space    used 8228K, committed 8448K, reserved 1048576K
}
Event: 7.663 GC heap before
{Heap before GC invocations=15 (full 0):
 garbage-first heap   total 78848K, used 61879K [0x0000000084c00000, 0x0000000100000000)
  region size 1024K, 34 young (34816K), 4 survivors (4096K)
 Metaspace       used 60320K, committed 60800K, reserved 1114112K
  class space    used 8661K, committed 8896K, reserved 1048576K
}
Event: 7.668 GC heap after
{Heap after GC invocations=16 (full 0):
 garbage-first heap   total 78848K, used 32874K [0x0000000084c00000, 0x0000000100000000)
  region size 1024K, 2 young (2048K), 2 survivors (2048K)
 Metaspace       used 60320K, committed 60800K, reserved 1114112K
  class space    used 8661K, committed 8896K, reserved 1048576K
}
Event: 9.005 GC heap before
{Heap before GC invocations=17 (full 0):
 garbage-first heap   total 78848K, used 63594K [0x0000000084c00000, 0x0000000100000000)
  region size 1024K, 33 young (33792K), 2 survivors (2048K)
 Metaspace       used 64746K, committed 65408K, reserved 1114112K
  class space    used 9339K, committed 9664K, reserved 1048576K
}
Event: 9.016 GC heap after
{Heap after GC invocations=18 (full 0):
 garbage-first heap   total 78848K, used 35145K [0x0000000084c00000, 0x0000000100000000)
  region size 1024K, 5 young (5120K), 5 survivors (5120K)
 Metaspace       used 64746K, committed 65408K, reserved 1114112K
  class space    used 9339K, committed 9664K, reserved 1048576K
}
Event: 9.628 GC heap before
{Heap before GC invocations=19 (full 0):
 garbage-first heap   total 78848K, used 62793K [0x0000000084c00000, 0x0000000100000000)
  region size 1024K, 32 young (32768K), 5 survivors (5120K)
 Metaspace       used 67491K, committed 68096K, reserved 1114112K
  class space    used 9846K, committed 10176K, reserved 1048576K
}
Event: 9.638 GC heap after
{Heap after GC invocations=20 (full 0):
 garbage-first heap   total 78848K, used 37998K [0x0000000084c00000, 0x0000000100000000)
  region size 1024K, 3 young (3072K), 3 survivors (3072K)
 Metaspace       used 67491K, committed 68096K, reserved 1114112K
  class space    used 9846K, committed 10176K, reserved 1048576K
}
Event: 9.879 GC heap before
{Heap before GC invocations=20 (full 0):
 garbage-first heap   total 78848K, used 62574K [0x0000000084c00000, 0x0000000100000000)
  region size 1024K, 28 young (28672K), 3 survivors (3072K)
 Metaspace       used 69100K, committed 69696K, reserved 1114112K
  class space    used 10199K, committed 10496K, reserved 1048576K
}
Event: 9.885 GC heap after
{Heap after GC invocations=21 (full 0):
 garbage-first heap   total 95232K, used 38756K [0x0000000084c00000, 0x0000000100000000)
  region size 1024K, 2 young (2048K), 2 survivors (2048K)
 Metaspace       used 69100K, committed 69696K, reserved 1114112K
  class space    used 10199K, committed 10496K, reserved 1048576K
}
Event: 10.190 GC heap before
{Heap before GC invocations=22 (full 0):
 garbage-first heap   total 96256K, used 74596K [0x0000000084c00000, 0x0000000100000000)
  region size 1024K, 38 young (38912K), 2 survivors (2048K)
 Metaspace       used 69623K, committed 70208K, reserved 1114112K
  class space    used 10245K, committed 10560K, reserved 1048576K
}
Event: 10.196 GC heap after
{Heap after GC invocations=23 (full 0):
 garbage-first heap   total 96256K, used 39548K [0x0000000084c00000, 0x0000000100000000)
  region size 1024K, 3 young (3072K), 3 survivors (3072K)
 Metaspace       used 69623K, committed 70208K, reserved 1114112K
  class space    used 10245K, committed 10560K, reserved 1048576K
}
Event: 10.239 GC heap before
{Heap before GC invocations=23 (full 0):
 garbage-first heap   total 96256K, used 39548K [0x0000000084c00000, 0x0000000100000000)
  region size 1024K, 4 young (4096K), 3 survivors (3072K)
 Metaspace       used 69946K, committed 70528K, reserved 1114112K
  class space    used 10347K, committed 10624K, reserved 1048576K
}
Event: 10.245 GC heap after
{Heap after GC invocations=24 (full 0):
 garbage-first heap   total 96256K, used 39259K [0x0000000084c00000, 0x0000000100000000)
  region size 1024K, 1 young (1024K), 1 survivors (1024K)
 Metaspace       used 69946K, committed 70528K, reserved 1114112K
  class space    used 10347K, committed 10624K, reserved 1048576K
}
Event: 10.900 GC heap before
{Heap before GC invocations=24 (full 0):
 garbage-first heap   total 96256K, used 77147K [0x0000000084c00000, 0x0000000100000000)
  region size 1024K, 38 young (38912K), 1 survivors (1024K)
 Metaspace       used 73348K, committed 73920K, reserved 1114112K
  class space    used 10786K, committed 11072K, reserved 1048576K
}
Event: 10.904 GC heap after
{Heap after GC invocations=25 (full 0):
 garbage-first heap   total 96256K, used 40824K [0x0000000084c00000, 0x0000000100000000)
  region size 1024K, 2 young (2048K), 2 survivors (2048K)
 Metaspace       used 73348K, committed 73920K, reserved 1114112K
  class space    used 10786K, committed 11072K, reserved 1048576K
}
Event: 11.344 GC heap before
{Heap before GC invocations=25 (full 0):
 garbage-first heap   total 96256K, used 78712K [0x0000000084c00000, 0x0000000100000000)
  region size 1024K, 39 young (39936K), 2 survivors (2048K)
 Metaspace       used 74041K, committed 74752K, reserved 1114112K
  class space    used 10864K, committed 11200K, reserved 1048576K
}
Event: 11.351 GC heap after
{Heap after GC invocations=26 (full 0):
 garbage-first heap   total 96256K, used 42995K [0x0000000084c00000, 0x0000000100000000)
  region size 1024K, 4 young (4096K), 4 survivors (4096K)
 Metaspace       used 74041K, committed 74752K, reserved 1114112K
  class space    used 10864K, committed 11200K, reserved 1048576K
}
Event: 11.943 GC heap before
{Heap before GC invocations=26 (full 0):
 garbage-first heap   total 96256K, used 78835K [0x0000000084c00000, 0x0000000100000000)
  region size 1024K, 39 young (39936K), 4 survivors (4096K)
 Metaspace       used 76855K, committed 77504K, reserved 1179648K
  class space    used 11283K, committed 11584K, reserved 1048576K
}
Event: 11.952 GC heap after
{Heap after GC invocations=27 (full 0):
 garbage-first heap   total 96256K, used 45469K [0x0000000084c00000, 0x0000000100000000)
  region size 1024K, 5 young (5120K), 5 survivors (5120K)
 Metaspace       used 76855K, committed 77504K, reserved 1179648K
  class space    used 11283K, committed 11584K, reserved 1048576K
}
Event: 17.489 GC heap before
{Heap before GC invocations=27 (full 0):
 garbage-first heap   total 96256K, used 79261K [0x0000000084c00000, 0x0000000100000000)
  region size 1024K, 38 young (38912K), 5 survivors (5120K)
 Metaspace       used 79493K, committed 80192K, reserved 1179648K
  class space    used 11676K, committed 12032K, reserved 1048576K
}

