# JRE version: OpenJDK Runtime Environment Corretto-17.0.10.7.1 (17.0.10+7) (build 17.0.10+7-LTS)
# Java VM: OpenJDK 64-Bit Server VM Corretto-17.0.10.7.1 (17.0.10+7-LTS, mixed mode, emulated-client, sharing, tiered, compressed oops, compressed class ptrs, g1 gc, windows-amd64)
GC Precious Log:
 CPUs: 4 total, 4 available
 Memory: 7887M
 Large Page Support: Disabled
 NUMA Support: Disabled
 Compressed Oops: Enabled (32-bit)
 Heap Region Size: 1M
 Heap Min Capacity: 8M
 Heap Initial Capacity: 124M
 Heap Max Capacity: 1972M
 Pre-touch: Disabled
 Parallel Workers: 4
 Concurrent Workers: 1
 Concurrent Refinement Workers: 4
 Periodic GC: Disabled
Heap:
 garbage-first heap   total 96256K, used 34020K [0x0000000084c00000, 0x0000000100000000)
  region size 1024K, 11 young (11264K), 5 survivors (5120K)
 Metaspace       used 48765K, committed 49216K, reserved 1114112K
  class space    used 6882K, committed 7104K, reserved 1048576K
GC Heap History (20 events):
Event: 3.779 GC heap before
{Heap before GC invocations=3 (full 0):
 garbage-first heap   total 126976K, used 76257K [0x0000000084c00000, 0x0000000100000000)
  region size 1024K, 66 young (67584K), 2 survivors (2048K)
 Metaspace       used 19512K, committed 19776K, reserved 1114112K
  class space    used 2661K, committed 2816K, reserved 1048576K
}
Event: 3.790 GC heap after
{Heap after GC invocations=4 (full 0):
 garbage-first heap   total 126976K, used 15363K [0x0000000084c00000, 0x0000000100000000)
  region size 1024K, 7 young (7168K), 7 survivors (7168K)
 Metaspace       used 19512K, committed 19776K, reserved 1114112K
  class space    used 2661K, committed 2816K, reserved 1048576K
}
Event: 4.048 GC heap before
{Heap before GC invocations=4 (full 0):
 garbage-first heap   total 126976K, used 25603K [0x0000000084c00000, 0x0000000100000000)
  region size 1024K, 18 young (18432K), 7 survivors (7168K)
 Metaspace       used 21275K, committed 21504K, reserved 1114112K
  class space    used 2900K, committed 3008K, reserved 1048576K
}
Event: 4.057 GC heap after
{Heap after GC invocations=5 (full 0):
 garbage-first heap   total 126976K, used 16731K [0x0000000084c00000, 0x0000000100000000)
  region size 1024K, 6 young (6144K), 6 survivors (6144K)
 Metaspace       used 21275K, committed 21504K, reserved 1114112K
  class space    used 2900K, committed 3008K, reserved 1048576K
}
Event: 5.295 GC heap before
{Heap before GC invocations=6 (full 0):
 garbage-first heap   total 61440K, used 46427K [0x0000000084c00000, 0x0000000100000000)
  region size 1024K, 36 young (36864K), 6 survivors (6144K)
 Metaspace       used 23453K, committed 23680K, reserved 1114112K
  class space    used 3230K, committed 3328K, reserved 1048576K
}
Event: 5.305 GC heap after
{Heap after GC invocations=7 (full 0):
 garbage-first heap   total 61440K, used 18577K [0x0000000084c00000, 0x0000000100000000)
  region size 1024K, 4 young (4096K), 4 survivors (4096K)
 Metaspace       used 23453K, committed 23680K, reserved 1114112K
  class space    used 3230K, committed 3328K, reserved 1048576K
}
Event: 5.329 GC heap before
{Heap before GC invocations=7 (full 0):
 garbage-first heap   total 61440K, used 18577K [0x0000000084c00000, 0x0000000100000000)
  region size 1024K, 5 young (5120K), 4 survivors (4096K)
 Metaspace       used 23602K, committed 23872K, reserved 1114112K
  class space    used 3247K, committed 3392K, reserved 1048576K
}
Event: 5.334 GC heap after
{Heap after GC invocations=8 (full 0):
 garbage-first heap   total 61440K, used 19332K [0x0000000084c00000, 0x0000000100000000)
  region size 1024K, 1 young (1024K), 1 survivors (1024K)
 Metaspace       used 23602K, committed 23872K, reserved 1114112K
  class space    used 3247K, committed 3392K, reserved 1048576K
}
Event: 5.824 GC heap before
{Heap before GC invocations=8 (full 0):
 garbage-first heap   total 61440K, used 41860K [0x0000000084c00000, 0x0000000100000000)
  region size 1024K, 24 young (24576K), 1 survivors (1024K)
 Metaspace       used 25787K, committed 26048K, reserved 1114112K
  class space    used 3590K, committed 3712K, reserved 1048576K
}
Event: 5.828 GC heap after
{Heap after GC invocations=9 (full 0):
 garbage-first heap   total 61440K, used 20340K [0x0000000084c00000, 0x0000000100000000)
  region size 1024K, 2 young (2048K), 2 survivors (2048K)
 Metaspace       used 25787K, committed 26048K, reserved 1114112K
  class space    used 3590K, committed 3712K, reserved 1048576K
}
Event: 6.411 GC heap before
{Heap before GC invocations=9 (full 0):
 garbage-first heap   total 61440K, used 44916K [0x0000000084c00000, 0x0000000100000000)
  region size 1024K, 26 young (26624K), 2 survivors (2048K)
 Metaspace       used 29141K, committed 29504K, reserved 1114112K
  class space    used 4118K, committed 4288K, reserved 1048576K
}
Event: 6.417 GC heap after
{Heap after GC invocations=10 (full 0):
 garbage-first heap   total 61440K, used 22401K [0x0000000084c00000, 0x0000000100000000)
  region size 1024K, 4 young (4096K), 4 survivors (4096K)
 Metaspace       used 29141K, committed 29504K, reserved 1114112K
  class space    used 4118K, committed 4288K, reserved 1048576K
}
Event: 6.834 GC heap before
{Heap before GC invocations=10 (full 0):
 garbage-first heap   total 61440K, used 45953K [0x0000000084c00000, 0x0000000100000000)
  region size 1024K, 27 young (27648K), 4 survivors (4096K)
 Metaspace       used 32171K, committed 32640K, reserved 1114112K
  class space    used 4499K, committed 4736K, reserved 1048576K
}
Event: 6.842 GC heap after
{Heap after GC invocations=11 (full 0):
 garbage-first heap   total 61440K, used 24263K [0x0000000084c00000, 0x0000000100000000)
  region size 1024K, 2 young (2048K), 2 survivors (2048K)
 Metaspace       used 32171K, committed 32640K, reserved 1114112K
  class space    used 4499K, committed 4736K, reserved 1048576K
}
Event: 7.272 GC heap before
{Heap before GC invocations=11 (full 0):
 garbage-first heap   total 61440K, used 46791K [0x0000000084c00000, 0x0000000100000000)
  region size 1024K, 24 young (24576K), 2 survivors (2048K)
 Metaspace       used 34518K, committed 35008K, reserved 1114112K
  class space    used 4816K, committed 5056K, reserved 1048576K
}
Event: 7.276 GC heap after
{Heap after GC invocations=12 (full 0):
 garbage-first heap   total 61440K, used 25468K [0x0000000084c00000, 0x0000000100000000)
  region size 1024K, 2 young (2048K), 2 survivors (2048K)
 Metaspace       used 34518K, committed 35008K, reserved 1114112K
  class space    used 4816K, committed 5056K, reserved 1048576K
}
Event: 7.412 GC heap before
{Heap before GC invocations=12 (full 0):
 garbage-first heap   total 61440K, used 30588K [0x0000000084c00000, 0x0000000100000000)
  region size 1024K, 8 young (8192K), 2 survivors (2048K)
 Metaspace       used 35631K, committed 36096K, reserved 1114112K
  class space    used 4983K, committed 5248K, reserved 1048576K
}
Event: 7.417 GC heap after
{Heap after GC invocations=13 (full 0):
 garbage-first heap   total 98304K, used 25511K [0x0000000084c00000, 0x0000000100000000)
  region size 1024K, 2 young (2048K), 2 survivors (2048K)
 Metaspace       used 35631K, committed 36096K, reserved 1114112K
  class space    used 4983K, committed 5248K, reserved 1048576K
}
Event: 8.995 GC heap before
{Heap before GC invocations=14 (full 0):
 garbage-first heap   total 96256K, used 75687K [0x0000000084c00000, 0x0000000100000000)
  region size 1024K, 51 young (52224K), 2 survivors (2048K)
 Metaspace       used 48286K, committed 48768K, reserved 1114112K
  class space    used 6814K, committed 7040K, reserved 1048576K
}
Event: 9.003 GC heap after
{Heap after GC invocations=15 (full 0):
 garbage-first heap   total 96256K, used 28900K [0x0000000084c00000, 0x0000000100000000)
  region size 1024K, 5 young (5120K), 5 survivors (5120K)
 Metaspace       used 48286K, committed 48768K, reserved 1114112K
  class space    used 6814K, committed 7040K, reserved 1048576K
}

