# JRE version: OpenJDK Runtime Environment Corretto-17.0.10.7.1 (17.0.10+7) (build 17.0.10+7-LTS)
# Java VM: OpenJDK 64-Bit Server VM Corretto-17.0.10.7.1 (17.0.10+7-LTS, mixed mode, emulated-client, sharing, tiered, compressed oops, compressed class ptrs, g1 gc, windows-amd64)
GC Precious Log:
 CPUs: 4 total, 4 available
 Memory: 7887M
 Large Page Support: Disabled
 NUMA Support: Disabled
 Compressed Oops: Enabled (32-bit)
 Heap Region Size: 1M
 Heap Min Capacity: 8M
 Heap Initial Capacity: 124M
 Heap Max Capacity: 1972M
 Pre-touch: Disabled
 Parallel Workers: 4
 Concurrent Workers: 1
 Concurrent Refinement Workers: 4
 Periodic GC: Disabled
Heap:
 garbage-first heap   total 126976K, used 49551K [0x0000000084c00000, 0x0000000100000000)
  region size 1024K, 1 young (1024K), 1 survivors (1024K)
 Metaspace       used 78573K, committed 79296K, reserved 1179648K
  class space    used 11562K, committed 11904K, reserved 1048576K
GC Heap History (20 events):
Event: 11.637 GC heap after
{Heap after GC invocations=18 (full 0):
 garbage-first heap   total 78848K, used 34181K [0x0000000084c00000, 0x0000000100000000)
  region size 1024K, 4 young (4096K), 4 survivors (4096K)
 Metaspace       used 64954K, committed 65536K, reserved 1114112K
  class space    used 9325K, committed 9600K, reserved 1048576K
}
Event: 12.037 GC heap before
{Heap before GC invocations=18 (full 0):
 garbage-first heap   total 78848K, used 63877K [0x0000000084c00000, 0x0000000100000000)
  region size 1024K, 33 young (33792K), 4 survivors (4096K)
 Metaspace       used 67978K, committed 68544K, reserved 1114112K
  class space    used 9853K, committed 10112K, reserved 1048576K
}
Event: 12.047 GC heap after
{Heap after GC invocations=19 (full 0):
 garbage-first heap   total 78848K, used 37073K [0x0000000084c00000, 0x0000000100000000)
  region size 1024K, 5 young (5120K), 5 survivors (5120K)
 Metaspace       used 67978K, committed 68544K, reserved 1114112K
  class space    used 9853K, committed 10112K, reserved 1048576K
}
Event: 12.231 GC heap before
{Heap before GC invocations=19 (full 0):
 garbage-first heap   total 78848K, used 63697K [0x0000000084c00000, 0x0000000100000000)
  region size 1024K, 31 young (31744K), 5 survivors (5120K)
 Metaspace       used 69581K, committed 70208K, reserved 1114112K
  class space    used 10207K, committed 10496K, reserved 1048576K
}
Event: 12.240 GC heap after
{Heap after GC invocations=20 (full 0):
 garbage-first heap   total 78848K, used 39406K [0x0000000084c00000, 0x0000000100000000)
  region size 1024K, 3 young (3072K), 3 survivors (3072K)
 Metaspace       used 69581K, committed 70208K, reserved 1114112K
  class space    used 10207K, committed 10496K, reserved 1048576K
}
Event: 12.305 GC heap before
{Heap before GC invocations=20 (full 0):
 garbage-first heap   total 78848K, used 62958K [0x0000000084c00000, 0x0000000100000000)
  region size 1024K, 26 young (26624K), 3 survivors (3072K)
 Metaspace       used 69588K, committed 70208K, reserved 1114112K
  class space    used 10207K, committed 10496K, reserved 1048576K
}
Event: 12.317 GC heap after
{Heap after GC invocations=21 (full 0):
 garbage-first heap   total 95232K, used 46711K [0x0000000084c00000, 0x0000000100000000)
  region size 1024K, 4 young (4096K), 4 survivors (4096K)
 Metaspace       used 69588K, committed 70208K, reserved 1114112K
  class space    used 10207K, committed 10496K, reserved 1048576K
}
Event: 12.594 GC heap before
{Heap before GC invocations=22 (full 0):
 garbage-first heap   total 99328K, used 72311K [0x0000000084c00000, 0x0000000100000000)
  region size 1024K, 29 young (29696K), 4 survivors (4096K)
 Metaspace       used 70987K, committed 71616K, reserved 1114112K
  class space    used 10473K, committed 10752K, reserved 1048576K
}
Event: 12.603 GC heap after
{Heap after GC invocations=23 (full 0):
 garbage-first heap   total 99328K, used 48005K [0x0000000084c00000, 0x0000000100000000)
  region size 1024K, 2 young (2048K), 2 survivors (2048K)
 Metaspace       used 70987K, committed 71616K, reserved 1114112K
  class space    used 10473K, committed 10752K, reserved 1048576K
}
Event: 12.994 GC heap before
{Heap before GC invocations=23 (full 0):
 garbage-first heap   total 99328K, used 76677K [0x0000000084c00000, 0x0000000100000000)
  region size 1024K, 30 young (30720K), 2 survivors (2048K)
 Metaspace       used 73373K, committed 74048K, reserved 1114112K
  class space    used 10788K, committed 11136K, reserved 1048576K
}
Event: 12.999 GC heap after
{Heap after GC invocations=24 (full 0):
 garbage-first heap   total 99328K, used 49310K [0x0000000084c00000, 0x0000000100000000)
  region size 1024K, 3 young (3072K), 3 survivors (3072K)
 Metaspace       used 73373K, committed 74048K, reserved 1114112K
  class space    used 10788K, committed 11136K, reserved 1048576K
}
Event: 13.385 GC heap before
{Heap before GC invocations=25 (full 0):
 garbage-first heap   total 99328K, used 74910K [0x0000000084c00000, 0x0000000100000000)
  region size 1024K, 32 young (32768K), 3 survivors (3072K)
 Metaspace       used 73931K, committed 74624K, reserved 1114112K
  class space    used 10852K, committed 11200K, reserved 1048576K
}
Event: 13.391 GC heap after
{Heap after GC invocations=26 (full 0):
 garbage-first heap   total 99328K, used 46919K [0x0000000084c00000, 0x0000000100000000)
  region size 1024K, 4 young (4096K), 4 survivors (4096K)
 Metaspace       used 73931K, committed 74624K, reserved 1114112K
  class space    used 10852K, committed 11200K, reserved 1048576K
}
Event: 13.408 GC heap before
{Heap before GC invocations=26 (full 0):
 garbage-first heap   total 99328K, used 47943K [0x0000000084c00000, 0x0000000100000000)
  region size 1024K, 5 young (5120K), 4 survivors (4096K)
 Metaspace       used 73946K, committed 74624K, reserved 1114112K
  class space    used 10856K, committed 11200K, reserved 1048576K
}
Event: 13.414 GC heap after
{Heap after GC invocations=27 (full 0):
 garbage-first heap   total 99328K, used 45610K [0x0000000084c00000, 0x0000000100000000)
  region size 1024K, 1 young (1024K), 1 survivors (1024K)
 Metaspace       used 73946K, committed 74624K, reserved 1114112K
  class space    used 10856K, committed 11200K, reserved 1048576K
}
Event: 14.211 GC heap before
{Heap before GC invocations=27 (full 0):
 garbage-first heap   total 99328K, used 78378K [0x0000000084c00000, 0x0000000100000000)
  region size 1024K, 33 young (33792K), 1 survivors (1024K)
 Metaspace       used 76230K, committed 76864K, reserved 1179648K
  class space    used 11189K, committed 11520K, reserved 1048576K
}
Event: 14.216 GC heap after
{Heap after GC invocations=28 (full 0):
 garbage-first heap   total 99328K, used 47583K [0x0000000084c00000, 0x0000000100000000)
  region size 1024K, 3 young (3072K), 3 survivors (3072K)
 Metaspace       used 76230K, committed 76864K, reserved 1179648K
  class space    used 11189K, committed 11520K, reserved 1048576K
}
Event: 15.158 GC heap before
{Heap before GC invocations=29 (full 0):
 garbage-first heap   total 99328K, used 79327K [0x0000000084c00000, 0x0000000100000000)
  region size 1024K, 34 young (34816K), 3 survivors (3072K)
 Metaspace       used 78501K, committed 79232K, reserved 1179648K
  class space    used 11551K, committed 11904K, reserved 1048576K
}
Event: 15.167 GC heap after
{Heap after GC invocations=30 (full 0):
 garbage-first heap   total 99328K, used 49841K [0x0000000084c00000, 0x0000000100000000)
  region size 1024K, 5 young (5120K), 5 survivors (5120K)
 Metaspace       used 78501K, committed 79232K, reserved 1179648K
  class space    used 11551K, committed 11904K, reserved 1048576K
}
Event: 15.230 GC heap before
{Heap before GC invocations=30 (full 0):
 garbage-first heap   total 99328K, used 49841K [0x0000000084c00000, 0x0000000100000000)
  region size 1024K, 6 young (6144K), 5 survivors (5120K)
 Metaspace       used 78573K, committed 79296K, reserved 1179648K
  class space    used 11562K, committed 11904K, reserved 1048576K
}

